Log file open, 09/15/18 14:36:55
LogWindows: Failed to load 'aqProf.dll' (GetLastError=126)
LogWindows: File 'aqProf.dll' does not exist
LogWindows: Failed to load 'VtuneApi.dll' (GetLastError=126)
LogWindows: File 'VtuneApi.dll' does not exist
LogWindows: Failed to load 'VtuneApi32e.dll' (GetLastError=126)
LogWindows: File 'VtuneApi32e.dll' does not exist
LogInit: Display: Running engine for game: Kitchen
LogPlatformFile: Not using cached read wrapper
LogTaskGraph: Started task graph with 5 named threads and 11 total threads with 3 sets of task threads.
LogStats: Stats thread started at 0.169157
LogD3D11RHI: Loaded GFSDK_Aftermath_Lib.x64.dll
LogICUInternationalization: Display: ICU TimeZone Detection - Raw Offset: +10:00, Platform Override: ''
LogPluginManager: Mounting plugin Paper2D
LogPluginManager: Mounting plugin AISupport
LogPluginManager: Mounting plugin LightPropagationVolume
LogPluginManager: Mounting plugin CLionSourceCodeAccess
LogPluginManager: Mounting plugin CodeLiteSourceCodeAccess
LogPluginManager: Mounting plugin GitSourceControl
LogPluginManager: Mounting plugin KDevelopSourceCodeAccess
LogPluginManager: Mounting plugin NullSourceCodeAccess
LogPluginManager: Mounting plugin PerforceSourceControl
LogPluginManager: Mounting plugin SubversionSourceControl
LogPluginManager: Mounting plugin UObjectPlugin
LogPluginManager: Mounting plugin VisualStudioCodeSourceCodeAccess
LogPluginManager: Mounting plugin VisualStudioSourceCodeAccess
LogPluginManager: Mounting plugin XCodeSourceCodeAccess
LogPluginManager: Mounting plugin AssetManagerEditor
LogPluginManager: Mounting plugin CryptoKeys
LogPluginManager: Mounting plugin DataValidation
LogPluginManager: Mounting plugin FacialAnimation
LogPluginManager: Mounting plugin GameplayTagsEditor
LogPluginManager: Mounting plugin MacGraphicsSwitching
LogPluginManager: Mounting plugin MeshEditor
LogPluginManager: Mounting plugin MobileLauncherProfileWizard
LogPluginManager: Mounting plugin PluginBrowser
LogPluginManager: Mounting plugin SpeedTreeImporter
LogPluginManager: Mounting plugin DatasmithContent
LogPluginManager: Mounting plugin AlembicImporter
LogPluginManager: Mounting plugin AppleImageUtils
LogPluginManager: Mounting plugin AppleVision
LogPluginManager: Mounting plugin BackChannel
LogPluginManager: Mounting plugin CharacterAI
LogPluginManager: Mounting plugin GeometryCache
LogPluginManager: Mounting plugin HTML5Networking
LogPluginManager: Mounting plugin ProxyLODPlugin
LogPluginManager: Mounting plugin MagicLeap
LogPluginManager: Mounting plugin MagicLeapEmulator
LogPluginManager: Mounting plugin MagicLeapMedia
LogPluginManager: Mounting plugin AndroidMedia
LogPluginManager: Mounting plugin AvfMedia
LogPluginManager: Mounting plugin ImgMedia
LogPluginManager: Mounting plugin LinearTimecode
LogPluginManager: Mounting plugin MediaCompositing
LogPluginManager: Mounting plugin MediaPlayerEditor
LogPluginManager: Mounting plugin WmfMedia
LogPluginManager: Mounting plugin TcpMessaging
LogPluginManager: Mounting plugin UdpMessaging
LogPluginManager: Mounting plugin ActorSequence
LogPluginManager: Mounting plugin LevelSequenceEditor
LogPluginManager: Mounting plugin MatineeToLevelSequence
LogPluginManager: Mounting plugin NetcodeUnitTest
LogPluginManager: Mounting plugin NUTUnrealEngine4
LogPluginManager: Mounting plugin OnlineSubsystemGooglePlay
LogPluginManager: Mounting plugin OnlineSubsystemIOS
LogPluginManager: Mounting plugin OnlineSubsystem
LogPluginManager: Mounting plugin OnlineSubsystemNull
LogPluginManager: Mounting plugin OnlineSubsystemUtils
LogPluginManager: Mounting plugin LauncherChunkInstaller
LogPluginManager: Mounting plugin AndroidDeviceProfileSelector
LogPluginManager: Mounting plugin AndroidMoviePlayer
LogPluginManager: Mounting plugin AndroidPermission
LogPluginManager: Mounting plugin AppleMoviePlayer
LogPluginManager: Mounting plugin ArchVisCharacter
LogPluginManager: Mounting plugin AudioCapture
LogPluginManager: Mounting plugin CableComponent
LogPluginManager: Mounting plugin CustomMeshComponent
LogPluginManager: Mounting plugin EditableMesh
LogPluginManager: Mounting plugin ExampleDeviceProfileSelector
LogPluginManager: Mounting plugin GoogleCloudMessaging
LogPluginManager: Mounting plugin ImmediatePhysics
LogPluginManager: Mounting plugin IOSDeviceProfileSelector
LogPluginManager: Mounting plugin LinuxDeviceProfileSelector
LogPluginManager: Mounting plugin LocationServicesBPLibrary
LogPluginManager: Mounting plugin MobilePatchingUtils
LogPluginManager: Mounting plugin OculusVR
LogPluginManager: Plugin shader directory ../../../Engine/Plugins/Runtime/Oculus/OculusVR/Shaders found
LogPluginManager: Mapping shader source directory ../../../Engine/Plugins/Runtime/Oculus/OculusVR/Shaders to virtual directory /Plugin/OculusVR
LogPluginManager: Mounting plugin PhysXVehicles
LogPluginManager: Mounting plugin ProceduralMeshComponent
LogPluginManager: Mounting plugin RuntimePhysXCooking
LogPluginManager: Mounting plugin SteamVR
LogPluginManager: Mounting plugin WindowsMoviePlayer
LogStreaming: Display: Took  0.094s to configure plugins.
LogInit: Using libcurl 7.55.1-DEV
LogInit:  - built for x86_64-pc-win32
LogInit:  - supports SSL with OpenSSL/1.0.2h
LogInit:  - supports HTTP deflate (compression) using libz 1.2.8
LogInit:  - other features:
LogInit:      CURL_VERSION_SSL
LogInit:      CURL_VERSION_LIBZ
LogInit:      CURL_VERSION_IPV6
LogInit:      CURL_VERSION_ASYNCHDNS
LogInit:      CURL_VERSION_LARGEFILE
LogInit:      CURL_VERSION_IDN
LogInit:  CurlRequestOptions (configurable via config and command line):
LogInit:  - bVerifyPeer = false  - Libcurl will NOT verify peer certificate
LogInit:  - bUseHttpProxy = false  - Libcurl will NOT use HTTP proxy
LogInit:  - bDontReuseConnections = false  - Libcurl will reuse connections
LogInit:  - CertBundlePath = nullptr  - Libcurl will use whatever was configured at build time.
LogInit:  - MaxHostConnections = 16  - Libcurl will limit the number of connections to a host
LogInit:  - LocalHostAddr = Default
LogInit:  - BufferSize = 65536
LogInit: WinSock: version 1.1 (2.2), MaxSocks=32767, MaxUdp=65467
LogInit: Build: ++UE4+Release-4.20-CL-4233996
LogInit: Engine Version: 4.20.1-4233996+++UE4+Release-4.20
LogInit: Compatible Engine Version: 4.20.0-4212847+++UE4+Release-4.20
LogInit: Net CL: 4212847
LogInit: OS: Windows 10 (), CPU: Intel(R) Core(TM) i7-6500U CPU @ 2.50GHz, GPU: Intel(R) HD Graphics 520
LogInit: Compiled (64-bit): Jul 26 2018 10:07:30
LogInit: Compiled with Visual C++: 19.13.26129.00
LogInit: Build Configuration: Development
LogInit: Branch Name: ++UE4+Release-4.20
LogInit: Command Line: 
LogInit: Base Directory: C:/Program Files/Epic Games/UE_4.20/Engine/Binaries/Win64/
LogInit: Installed Engine Build: 1
LogDevObjectVersion: Number of dev versions registered: 20
LogDevObjectVersion:   Dev-Blueprints (B0D832E4-1F89-4F0D-ACCF-7EB736FD4AA2): 10
LogDevObjectVersion:   Dev-Build (E1C64328-A22C-4D53-A36C-8E866417BD8C): 0
LogDevObjectVersion:   Dev-Core (375EC13C-06E4-48FB-B500-84F0262A717E): 2
LogDevObjectVersion:   Dev-Editor (E4B068ED-F494-42E9-A231-DA0B2E46BB41): 24
LogDevObjectVersion:   Dev-Framework (CFFC743F-43B0-4480-9391-14DF171D2073): 34
LogDevObjectVersion:   Dev-Mobile (B02B49B5-BB20-44E9-A304-32B752E40360): 2
LogDevObjectVersion:   Dev-Networking (A4E4105C-59A1-49B5-A7C5-40C4547EDFEE): 0
LogDevObjectVersion:   Dev-Online (39C831C9-5AE6-47DC-9A44-9C173E1C8E7C): 0
LogDevObjectVersion:   Dev-Physics (78F01B33-EBEA-4F98-B9B4-84EACCB95AA2): 0
LogDevObjectVersion:   Dev-Platform (6631380F-2D4D-43E0-8009-CF276956A95A): 0
LogDevObjectVersion:   Dev-Rendering (12F88B9F-8875-4AFC-A67C-D90C383ABD29): 26
LogDevObjectVersion:   Dev-Sequencer (7B5AE74C-D270-4C10-A958-57980B212A5A): 9
LogDevObjectVersion:   Dev-VR (D7296918-1DD6-4BDD-9DE2-64A83CC13884): 2
LogDevObjectVersion:   Dev-LoadTimes (C2A15278-BFE7-4AFE-6C17-90FF531DF755): 1
LogDevObjectVersion:   Private-Geometry (6EACA3D4-40EC-4CC1-B786-8BED09428FC5): 3
LogDevObjectVersion:   Dev-AnimPhys (29E575DD-E0A3-4627-9D10-D276232CDCEA): 17
LogDevObjectVersion:   Dev-ReflectionCapture (6B266CEC-1EC7-4B8F-A30B-E4D90942FC07): 1
LogDevObjectVersion:   Dev-Automation (0DF73D61-A23F-47EA-B727-89E90C41499A): 1
LogDevObjectVersion:   FortniteMain (601D1886-AC64-4F84-AA16-D3DE0DEAC7D6): 12
LogDevObjectVersion:   Dev-Enterprise (9DFFBCD6-494F-0158-E221-12823C92A888): 1
LogStreaming: Display: Took  0.000s to delete old logs.
LogInit: Presizing for max 8388607 objects, including 0 objects not considered by GC, pre-allocating 0 bytes for permanent pool.
LogInit: Object subsystem initialized
[2018.09.15-04.36.55:900][  0]LogInit: Selected Device Profile: [Windows]
[2018.09.15-04.36.55:900][  0]LogInit: Applying CVar settings loaded from the selected device profile: [Windows]
[2018.09.15-04.36.55:914][  0]LogHAL: Display: Platform has ~ 16 GB [17046876160 / 17179869184 / 16], which maps to Larger [LargestMinGB=32, LargerMinGB=12, DefaultMinGB=8, SmallerMinGB=6, SmallestMinGB=0)
[2018.09.15-04.36.55:914][  0]LogInit: Setting Device Profile CVar: [[r.Vulkan.UseRealUBs:1]]
[2018.09.15-04.36.55:914][  0]LogInit: Going up to parent DeviceProfile []
[2018.09.15-04.36.55:914][  0]LogInit: Computer: DESKTOP-0CCKBAB
[2018.09.15-04.36.55:914][  0]LogInit: User: Me
[2018.09.15-04.36.55:914][  0]LogInit: CPU Page size=4096, Cores=2
[2018.09.15-04.36.55:914][  0]LogInit: High frequency timer resolution =2.531255 MHz
[2018.09.15-04.36.55:914][  0]LogMemory: Memory total: Physical=15.9GB (16GB approx)
[2018.09.15-04.36.55:914][  0]LogMemory: Platform Memory Stats for Windows
[2018.09.15-04.36.55:914][  0]LogMemory: Process Physical Memory: 99.36 MB used, 99.36 MB peak
[2018.09.15-04.36.55:914][  0]LogMemory: Process Virtual Memory: 82.75 MB used, 82.75 MB peak
[2018.09.15-04.36.55:914][  0]LogMemory: Physical Memory: 6728.53 MB used,  9528.64 MB free, 16257.17 MB total
[2018.09.15-04.36.55:915][  0]LogMemory: Virtual Memory: 4619.87 MB used,  9528.64 MB free, 134217728.00 MB total
[2018.09.15-04.36.55:932][  0]LogInit: Using OS detected language (en-US).
[2018.09.15-04.36.55:932][  0]LogInit: Using OS detected locale (en-US).
[2018.09.15-04.36.55:933][  0]LogTextLocalizationManager: No specific localization for 'en-US' exists, so the 'en' localization will be used.
[2018.09.15-04.36.56:395][  0]LogStreaming: Display: Took  0.462s to InitEngineTextLocalization.
[2018.09.15-04.36.56:395][  0]LogInit: Setting process to per monitor DPI aware
[2018.09.15-04.36.56:440][  0]LogSlate: New Slate User Created.  User Index 0, Is Virtual User: 0
[2018.09.15-04.36.56:440][  0]LogSlate: Slate User Registered.  User Index 0, Is Virtual User: 0
[2018.09.15-04.36.56:709][  0]LogHMD: Failed to initialize OpenVR with code 110
[2018.09.15-04.36.56:709][  0]LogD3D11RHI: D3D11 adapters:
[2018.09.15-04.36.56:761][  0]LogD3D11RHI:    0. 'NVIDIA GeForce GTX 960M' (Feature Level 11_0)
[2018.09.15-04.36.56:761][  0]LogD3D11RHI:       4062/0/8128 MB DedicatedVideo/DedicatedSystem/SharedSystem, Outputs:1, VendorId:0x10de
[2018.09.15-04.36.56:773][  0]LogD3D11RHI:    1. 'Intel(R) HD Graphics 520' (Feature Level 11_0)
[2018.09.15-04.36.56:773][  0]LogD3D11RHI:       128/0/8128 MB DedicatedVideo/DedicatedSystem/SharedSystem, Outputs:0, VendorId:0x8086
[2018.09.15-04.36.56:776][  0]LogD3D11RHI:    2. 'Microsoft Basic Render Driver' (Feature Level 11_0)
[2018.09.15-04.36.56:776][  0]LogD3D11RHI:       0/0/8128 MB DedicatedVideo/DedicatedSystem/SharedSystem, Outputs:0, VendorId:0x1414
[2018.09.15-04.36.56:776][  0]LogD3D11RHI: Chosen D3D11 Adapter: 0
[2018.09.15-04.36.56:800][  0]LogD3D11RHI: Creating new Direct3DDevice
[2018.09.15-04.36.56:800][  0]LogD3D11RHI:     GPU DeviceId: 0x139b (for the marketing name, search the web for "GPU Device Id")
[2018.09.15-04.36.56:800][  0]LogWindows: EnumDisplayDevices:
[2018.09.15-04.36.56:800][  0]LogWindows:    0. 'Intel(R) HD Graphics 520' (P:1 D:1)
[2018.09.15-04.36.56:801][  0]LogWindows:    1. 'Intel(R) HD Graphics 520' (P:0 D:0)
[2018.09.15-04.36.56:801][  0]LogWindows:    2. 'Intel(R) HD Graphics 520' (P:0 D:0)
[2018.09.15-04.36.56:801][  0]LogWindows:    3. 'NVIDIA GeForce GTX 960M' (P:0 D:0)
[2018.09.15-04.36.56:802][  0]LogWindows: DebugString: PrimaryIsNotTheChoosenAdapter PrimaryIsNotTheChoosenAdapter PrimaryIsNotTheChoosenAdapter 
[2018.09.15-04.36.56:802][  0]LogD3D11RHI:     Adapter Name: NVIDIA GeForce GTX 960M
[2018.09.15-04.36.56:802][  0]LogD3D11RHI:   Driver Version: 382.05 (internal:22.21.13.8205, unified:382.05)
[2018.09.15-04.36.56:802][  0]LogD3D11RHI:      Driver Date: 5-1-2017
[2018.09.15-04.36.56:802][  0]LogRHI: Texture pool is 2843 MB (70% of 4062 MB)
[2018.09.15-04.36.56:840][  0]LogD3D11RHI: Async texture creation enabled
[2018.09.15-04.36.56:858][  0]LogD3D11RHI: GPU Timing Frequency: 1000.000000 (Debug: 2 2)
[2018.09.15-04.36.56:859][  0]LogShaderCompilers: Guid format shader working directory is -21 characters bigger than the processId version (../../../../../../Users/Me/Desktop/textures/room alt ass/Kitchen/Intermediate/Shaders/WorkingDirectory/7708/).
[2018.09.15-04.36.56:859][  0]LogShaderCompilers: Cleaned the shader compiler working directory 'C:/Users/Me/AppData/Local/Temp/UnrealShaderWorkingDir/0EF5B38D4EB4C536D0953B873047140B/'.
[2018.09.15-04.36.57:255][  0]LogTemp: Display: Loaded TP AllDesktopTargetPlatform
[2018.09.15-04.36.57:268][  0]LogTemp: Display: Loaded TP MacClientTargetPlatform
[2018.09.15-04.36.57:282][  0]LogTemp: Display: Loaded TP MacNoEditorTargetPlatform
[2018.09.15-04.36.57:296][  0]LogTemp: Display: Loaded TP MacServerTargetPlatform
[2018.09.15-04.36.57:310][  0]LogTemp: Display: Loaded TP MacTargetPlatform
[2018.09.15-04.36.57:323][  0]LogTemp: Display: Loaded TP WindowsClientTargetPlatform
[2018.09.15-04.36.57:337][  0]LogTemp: Display: Loaded TP WindowsNoEditorTargetPlatform
[2018.09.15-04.36.57:350][  0]LogTemp: Display: Loaded TP WindowsServerTargetPlatform
[2018.09.15-04.36.57:356][  0]LogTemp: Display: Loaded TP WindowsTargetPlatform
[2018.09.15-04.36.57:453][  0]LogTemp: Display: Loaded TP AndroidTargetPlatform
[2018.09.15-04.36.57:453][  0]LogTemp: Display: Loaded TP AndroidTargetPlatform
[2018.09.15-04.36.57:453][  0]LogTemp: Display: Loaded TP AndroidTargetPlatform
[2018.09.15-04.36.57:453][  0]LogTemp: Display: Loaded TP AndroidTargetPlatform
[2018.09.15-04.36.57:453][  0]LogTemp: Display: Loaded TP AndroidTargetPlatform
[2018.09.15-04.36.57:453][  0]LogTemp: Display: Loaded TP AndroidTargetPlatform
[2018.09.15-04.36.57:453][  0]LogTemp: Display: Loaded TP AndroidTargetPlatform
[2018.09.15-04.36.57:453][  0]LogTemp: Display: Loaded TP AndroidTargetPlatform
[2018.09.15-04.36.57:453][  0]LogTemp: Display: Loaded TP AndroidTargetPlatform
[2018.09.15-04.36.57:453][  0]LogTemp: Display: Loaded TP AndroidTargetPlatform
[2018.09.15-04.36.57:453][  0]LogTemp: Display: Loaded TP AndroidTargetPlatform
[2018.09.15-04.36.57:453][  0]LogTemp: Display: Loaded TP AndroidTargetPlatform
[2018.09.15-04.36.57:453][  0]LogTemp: Display: Loaded TP AndroidTargetPlatform
[2018.09.15-04.36.57:453][  0]LogTemp: Display: Loaded TP AndroidTargetPlatform
[2018.09.15-04.36.57:453][  0]LogTemp: Display: Loaded TP AndroidTargetPlatform
[2018.09.15-04.36.57:453][  0]LogTemp: Display: Loaded TP AndroidTargetPlatform
[2018.09.15-04.36.57:453][  0]LogTemp: Display: Loaded TP AndroidTargetPlatform
[2018.09.15-04.36.57:453][  0]LogTemp: Display: Loaded TP AndroidTargetPlatform
[2018.09.15-04.36.57:454][  0]LogTemp: Display: Loaded TP HTML5TargetPlatform
[2018.09.15-04.36.57:520][  0]LogTemp: Display: Loaded TP IOSTargetPlatform
[2018.09.15-04.36.57:520][  0]LogTemp: Display: Loaded TP IOSTargetPlatform
[2018.09.15-04.36.57:545][  0]LogTemp: Display: Loaded TP TVOSTargetPlatform
[2018.09.15-04.36.57:545][  0]LogTemp: Display: Loaded TP TVOSTargetPlatform
[2018.09.15-04.36.57:558][  0]LogTemp: Display: Loaded TP LinuxClientTargetPlatform
[2018.09.15-04.36.57:571][  0]LogTemp: Display: Loaded TP LinuxNoEditorTargetPlatform
[2018.09.15-04.36.57:583][  0]LogTemp: Display: Loaded TP LinuxServerTargetPlatform
[2018.09.15-04.36.57:597][  0]LogTemp: Display: Loaded TP LinuxTargetPlatform
[2018.09.15-04.36.57:606][  0]LogTemp: Display: Loaded TP LuminTargetPlatform
[2018.09.15-04.36.57:606][  0]LogTargetPlatformManager: Display: Building Assets For Windows
[2018.09.15-04.36.57:658][  0]LogXGEController: Cannot use XGE Controller as Incredibuild is not installed on this machine.
[2018.09.15-04.36.57:658][  0]LogShaderCompilers: Cannot use XGE Shader Compiler as Incredibuild is not installed on this machine.
[2018.09.15-04.36.57:658][  0]LogShaderCompilers: Display: Using Local Shader Compiler.
[2018.09.15-04.36.58:443][  0]LogDerivedDataCache: Display: Max Cache Size: 512 MB
[2018.09.15-04.36.58:502][  0]LogDerivedDataCache: Loaded boot cache 0.06s 71MB C:/Users/Me/AppData/Local/UnrealEngine/4.20/DerivedDataCache/Boot.ddc.
[2018.09.15-04.36.58:503][  0]LogDerivedDataCache: Display: Loaded Boot cache: C:/Users/Me/AppData/Local/UnrealEngine/4.20/DerivedDataCache/Boot.ddc
[2018.09.15-04.36.58:503][  0]LogDerivedDataCache: FDerivedDataBackendGraph:  Pak pak cache file ../../../../../../Users/Me/Desktop/textures/room alt ass/Kitchen/DerivedDataCache/DDC.ddp not found, will not use a pak cache.
[2018.09.15-04.36.58:503][  0]LogDerivedDataCache: Unable to find inner node Pak for hierarchical cache Hierarchy.
[2018.09.15-04.36.58:503][  0]LogDerivedDataCache: FDerivedDataBackendGraph:  CompressedPak pak cache file ../../../../../../Users/Me/Desktop/textures/room alt ass/Kitchen/DerivedDataCache/Compressed.ddp not found, will not use a pak cache.
[2018.09.15-04.36.58:503][  0]LogDerivedDataCache: Unable to find inner node CompressedPak for hierarchical cache Hierarchy.
[2018.09.15-04.36.58:517][  0]LogDerivedDataCache: Display: Pak cache opened for reading ../../../Engine/DerivedDataCache/Compressed.ddp.
[2018.09.15-04.36.58:530][  0]LogDerivedDataCache: Using Local data cache path C:/Users/Me/AppData/Local/UnrealEngine/Common/DerivedDataCache: Writable
[2018.09.15-04.36.58:530][  0]LogDerivedDataCache: Shared data cache path not found in *engine.ini, will not use an Shared cache.
[2018.09.15-04.36.58:530][  0]LogDerivedDataCache: Unable to find inner node Shared for hierarchical cache Hierarchy.
[2018.09.15-04.36.58:552][  0]LogMaterial: Verifying Global Shaders for PCD3D_SM5
[2018.09.15-04.36.58:553][  0]LogSlate: Using FreeType 2.6.0
[2018.09.15-04.36.58:554][  0]LogSlate: SlateFontServices - WITH_FREETYPE: 1, WITH_HARFBUZZ: 1
[2018.09.15-04.36.58:634][  0]LogAssetRegistry: FAssetRegistry took 0.0277 seconds to start up
[2018.09.15-04.36.58:980][  0]LogInit: Selected Device Profile: [Windows]
[2018.09.15-04.36.59:036][  0]LogSimplygon: Simplygon DLL not present - disabling.
[2018.09.15-04.36.59:039][  0]LogMeshReduction: Using SimplygonSwarm for distributed automatic mesh merging
[2018.09.15-04.36.59:039][  0]LogMeshReduction: Using ProxyLODMeshReduction for automatic mesh merging
[2018.09.15-04.36.59:039][  0]LogMeshReduction: Using QuadricMeshReduction for automatic static mesh reduction
[2018.09.15-04.36.59:039][  0]LogMeshReduction: No automatic skeletal mesh reduction module available
[2018.09.15-04.36.59:141][  0]LogNetVersion: Kitchen 1.0.0, NetCL: 4212847, EngineNetVer: 5, GameNetVer: 0 (Checksum: 2405919886)
[2018.09.15-04.36.59:693][  0]LogPackageLocalizationCache: Processed 11 localized package path(s) for 2 prioritized culture(s) in 0.102491 seconds
[2018.09.15-04.36.59:700][  0]LogUObjectArray: 38425 objects as part of root set at end of initial load.
[2018.09.15-04.36.59:700][  0]LogUObjectAllocator: 6690872 out of 0 bytes used by permanent object pool.
[2018.09.15-04.36.59:700][  0]LogUObjectArray: CloseDisregardForGC: 0/0 objects in disregard for GC pool
[2018.09.15-04.37.00:583][  0]LogTcpMessaging: Initializing TcpMessaging bridge
[2018.09.15-04.37.00:596][  0]LogUdpMessaging: Initializing bridge on interface 0.0.0.0:0 to multicast group 230.0.0.1:6666.
[2018.09.15-04.37.00:739][  0]SourceControl: Source control is disabled
[2018.09.15-04.37.00:739][  0]SourceControl: Source control is disabled
[2018.09.15-04.37.00:741][  0]SourceControl: Source control is disabled
[2018.09.15-04.37.00:741][  0]SourceControl: Source control is disabled
[2018.09.15-04.37.00:906][  0]LogAndroidPermission: UAndroidPermissionCallbackProxy::GetInstance
[2018.09.15-04.37.00:960][  0]LogOcInput: OculusInput pre-init called
[2018.09.15-04.37.01:024][  0]LogEngine: Initializing Engine...
[2018.09.15-04.37.01:025][  0]LogHMD: Failed to initialize OpenVR with code 110
[2018.09.15-04.37.01:026][  0]LogStats: UGameplayTagsManager::ConstructGameplayTagTree: ImportINI prefixes -  0.000 s
[2018.09.15-04.37.01:026][  0]LogStats: UGameplayTagsManager::ConstructGameplayTagTree: Construct from data asset -  0.000 s
[2018.09.15-04.37.01:026][  0]LogStats: UGameplayTagsManager::ConstructGameplayTagTree: ImportINI -  0.000 s
[2018.09.15-04.37.01:026][  0]LogStats: UGameplayTagsManager::ConstructGameplayTagTree: GameplayTagTreeChangedEvent.Broadcast -  0.000 s
[2018.09.15-04.37.01:248][  0]LogInit: Initializing FReadOnlyCVARCache
[2018.09.15-04.37.01:262][  0]LogAIModule: Creating AISystem for world Untitled
[2018.09.15-04.37.01:277][  0]LogInit: XAudio2 using 'Speakers / Headphones (Realtek High Definition Audio)' : 2 channels at 48 kHz using 32 bits per sample (channel mask 0x3)
[2018.09.15-04.37.01:305][  0]LogInit: FAudioDevice initialized.
[2018.09.15-04.37.01:306][  0]LogNetVersion: Set ProjectVersion to 1.0.0.0. Version Checksum will be recalculated on next use.
[2018.09.15-04.37.01:558][  0]LogDerivedDataCache: Saved boot cache 0.25s 71MB C:/Users/Me/AppData/Local/UnrealEngine/4.20/DerivedDataCache/Boot.ddc.
[2018.09.15-04.37.01:572][  0]LogInit: Texture streaming: Enabled
[2018.09.15-04.37.01:586][  0]LogEngineSessionManager: EngineSessionManager initialized
[2018.09.15-04.37.01:598][  0]LogInit: Transaction tracking system initialized
[2018.09.15-04.37.01:615][  0]BlueprintLog: New page: Editor Load
[2018.09.15-04.37.01:678][  0]LocalizationService: Localization service is disabled
[2018.09.15-04.37.01:954][  0]LogCook: Display: Max memory allowance for cook 16384mb min free memory 0mb
[2018.09.15-04.37.01:954][  0]LogCook: Display: Mobile HDR setting 1
[2018.09.15-04.37.01:954][  0]LogGameplayTags: Display: UGameplayTagsManager::DoneAddingNativeTags. DelegateIsBound: 0
[2018.09.15-04.37.01:954][  0]LogStats: UGameplayTagsManager::ConstructGameplayTagTree: ImportINI prefixes -  0.000 s
[2018.09.15-04.37.01:954][  0]LogStats: UGameplayTagsManager::ConstructGameplayTagTree: Construct from data asset -  0.000 s
[2018.09.15-04.37.01:954][  0]LogFileCache: Scanning file cache for directory 'C:/Users/Me/Desktop/textures/room alt ass/Kitchen/Content/' took 0.01s
[2018.09.15-04.37.01:954][  0]LogStats: UGameplayTagsManager::ConstructGameplayTagTree: ImportINI -  0.000 s
[2018.09.15-04.37.01:954][  0]LogStats: UGameplayTagsManager::ConstructGameplayTagTree: GameplayTagTreeChangedEvent.Broadcast -  0.000 s
[2018.09.15-04.37.02:080][  0]SourceControl: Source control is disabled
[2018.09.15-04.37.02:080][  0]Cmd: MAP LOAD FILE="../../../Engine/Content/Maps/Templates/Template_Default.umap" TEMPLATE=1 SHOWPROGRESS=1 FEATURELEVEL=3
[2018.09.15-04.37.02:080][  0]LightingResults: New page: Lighting Build
[2018.09.15-04.37.02:082][  0]MapCheck: New page: Map Check
[2018.09.15-04.37.02:082][  0]LightingResults: New page: Lighting Build
[2018.09.15-04.37.02:289][  0]LogAIModule: Creating AISystem for world Untitled_1
[2018.09.15-04.37.02:296][  0]LogEditorServer: Finished looking for orphan Actors (0.000 secs)
[2018.09.15-04.37.02:319][  0]Cmd: MAP CHECKDEP NOCLEARLOG
[2018.09.15-04.37.02:373][  0]MapCheck: Map check complete: 0 Error(s), 0 Warning(s), took 53.914ms to complete.
[2018.09.15-04.37.02:373][  0]LogFileHelpers: Loading map 'Template_Default' took 0.294
[2018.09.15-04.37.02:485][  0]LogSlate: Updating window title bar state: overlay mode, drag disabled, window buttons hidden, title bar hidden
[2018.09.15-04.37.02:495][  0]LogSlate: Updating window title bar state: overlay mode, drag disabled, window buttons hidden, title bar hidden
[2018.09.15-04.37.02:504][  0]LogSlate: Updating window title bar state: overlay mode, drag disabled, window buttons hidden, title bar hidden
[2018.09.15-04.37.02:512][  0]LogSlate: Updating window title bar state: overlay mode, drag disabled, window buttons hidden, title bar hidden
[2018.09.15-04.37.02:518][  0]LogCollectionManager: Loaded 0 collections in 0.001301 seconds
[2018.09.15-04.37.02:559][  0]LogFileCache: Scanning file cache for directory 'C:/Users/Me/Desktop/textures/room alt ass/Kitchen/Saved/Collections/' took 0.01s
[2018.09.15-04.37.02:559][  0]LogFileCache: Scanning file cache for directory 'C:/Users/Me/Desktop/textures/room alt ass/Kitchen/Content/Developers/Me/Collections/' took 0.01s
[2018.09.15-04.37.02:559][  0]LogFileCache: Scanning file cache for directory 'C:/Users/Me/Desktop/textures/room alt ass/Kitchen/Content/Collections/' took 0.01s
[2018.09.15-04.37.02:559][  0]LogCollectionManager: Rebuilt the GUID cache for 0 collections in 0.000000 seconds
[2018.09.15-04.37.02:570][  0]LogContentBrowser: Native class hierarchy populated in 0.0105 seconds. Added 2572 classes and 603 folders.
[2018.09.15-04.37.02:576][  0]LogContentBrowser: Native class hierarchy updated for 'WidgetCarousel' in 0.0004 seconds. Added 0 classes and 0 folders.
[2018.09.15-04.37.02:647][  0]LogContentBrowser: Native class hierarchy updated for 'AddContentDialog' in 0.0004 seconds. Added 0 classes and 0 folders.
[2018.09.15-04.37.02:653][  0]LogContentBrowser: Native class hierarchy updated for 'SceneOutliner' in 0.0004 seconds. Added 1 classes and 2 folders.
[2018.09.15-04.37.02:791][  0]LogContentBrowser: Native class hierarchy updated for 'HierarchicalLODOutliner' in 0.0004 seconds. Added 0 classes and 0 folders.
[2018.09.15-04.37.02:791][  0]LogLoad: (Engine Initialization) Total time: 8.55 seconds
[2018.09.15-04.37.02:791][  0]LogLoad: (Engine Initialization) Total Blueprint compile time: 0.00 seconds
[2018.09.15-04.37.02:811][  0]LogWindowsTextInputMethodSystem: Display: IME system now deactivated.
[2018.09.15-04.37.02:834][  0]LogContentStreaming: Texture pool size now 3000 MB
[2018.09.15-04.37.02:836][  0]LogSlate: Took 0.000248 seconds to synchronously load lazily loaded font '../../../Engine/Content/Slate/Fonts/Roboto-Regular.ttf' (155K)
[2018.09.15-04.37.02:838][  0]LogSlate: Took 0.000252 seconds to synchronously load lazily loaded font '../../../Engine/Content/Slate/Fonts/Roboto-Bold.ttf' (160K)
[2018.09.15-04.37.02:847][  0]LogSlate: Took 0.000289 seconds to synchronously load lazily loaded font '../../../Engine/Content/Editor/Slate/Fonts/FontAwesome.ttf' (139K)
[2018.09.15-04.37.02:950][  1]LogAssetRegistry: Asset discovery search completed in 4.3378 seconds
[2018.09.15-04.37.02:952][  1]LogCollectionManager: Rebuilt the object cache for 0 collections in 0.000000 seconds (found 0 objects)
[2018.09.15-04.37.02:952][  1]LogCollectionManager: Fixed up redirectors for 0 collections in 0.000094 seconds (updated 0 objects)
[2018.09.15-04.37.02:965][  1]LogRenderer: Reallocating scene render targets to support 640x496 Format 9 NumSamples 1 (Frame:1).
[2018.09.15-04.37.03:094][  1]LogSlate: Took 0.000198 seconds to synchronously load lazily loaded font '../../../Engine/Content/Slate/Fonts/Roboto-Light.ttf' (167K)
[2018.09.15-04.37.08:429][321]LogEditorViewport: Clicking on Actor (LMB): BP_Sky_Sphere_C (Sky Sphere)
[2018.09.15-04.37.09:503][383]LogSlate: FSceneViewport::OnFocusLost() reason 0
[2018.09.15-04.37.13:241][562]LogSlate: Took 0.000227 seconds to synchronously load lazily loaded font '../../../Engine/Content/Slate/Fonts/Roboto-Light.ttf' (167K)
[2018.09.15-04.37.13:290][562]LogAIModule: Creating AISystem for world NewMap
[2018.09.15-04.37.13:302][562]LogAssetEditorManager: Opening Asset editor for World /Game/NewMap.NewMap
[2018.09.15-04.37.13:323][562]Cmd: MAP LOAD FILE="../../../../../../Users/Me/Desktop/textures/room alt ass/Kitchen/Content/NewMap.umap" TEMPLATE=0 SHOWPROGRESS=1 FEATURELEVEL=3
[2018.09.15-04.37.13:323][562]LightingResults: New page: Lighting Build
[2018.09.15-04.37.13:323][562]LoadErrors: New page: Loading map: NewMap.umap
[2018.09.15-04.37.13:324][562]MapCheck: New page: Map Check
[2018.09.15-04.37.13:324][562]LightingResults: New page: Lighting Build
[2018.09.15-04.37.13:418][562]LogEditorServer: Finished looking for orphan Actors (0.000 secs)
[2018.09.15-04.37.13:466][562]Cmd: MAP CHECKDEP NOCLEARLOG
[2018.09.15-04.37.13:520][562]MapCheck: Map check complete: 0 Error(s), 0 Warning(s), took 53.355ms to complete.
[2018.09.15-04.37.13:521][562]LogFileHelpers: Loading map 'NewMap' took 0.199
[2018.09.15-04.37.41:096][127]LogSlate: FSceneViewport::OnFocusLost() reason 0
[2018.09.15-04.37.52:672][818]Cmd: EDIT COPY
[2018.09.15-04.37.52:906][832]Cmd: EDIT PASTE
[2018.09.15-04.38.09:607][814]Cmd: TRANSACTION UNDO
[2018.09.15-04.38.09:607][814]LogEditorTransaction: Undo Scale Actors
[2018.09.15-04.38.16:286][208]LogSlate: FSceneViewport::OnFocusLost() reason 0
[2018.09.15-04.38.22:730][576]Cmd: DELETE
[2018.09.15-04.38.22:730][576]Cmd: ACTOR DELETE
[2018.09.15-04.38.22:735][576]LogEditorActor: Deleted Actor: Brush
[2018.09.15-04.38.22:781][576]LogEditorActor: Deleted 1 Actors (0.051 secs)
[2018.09.15-04.38.25:545][738]Cmd: BRUSH ADD SELECTNEWBRUSH
[2018.09.15-04.38.44:194][838]LogSlate: FSceneViewport::OnFocusLost() reason 0
[2018.09.15-04.38.56:385][563]Cmd: TRANSACTION UNDO
[2018.09.15-04.38.56:385][563]LogEditorTransaction: Undo Set Scale
[2018.09.15-04.39.04:161][820]LogSlate: FSceneViewport::OnFocusLost() reason 0
[2018.09.15-04.39.11:096][228]Cmd: EDIT COPY
[2018.09.15-04.39.11:395][246]Cmd: EDIT PASTE
[2018.09.15-04.39.56:850][944]LogSlate: FSceneViewport::OnFocusLost() reason 0
[2018.09.15-04.40.13:508][935]LogSlate: FSceneViewport::OnFocusLost() reason 0
[2018.09.15-04.40.20:996][384]LogEditorViewport: Clicking on Actor (LMB): StaticMeshActor (Floor)
[2018.09.15-04.40.27:348][758]LogSlate: FSceneViewport::OnFocusLost() reason 0
[2018.09.15-04.40.50:941][151]Cmd: EDIT COPY
[2018.09.15-04.40.51:157][164]Cmd: EDIT PASTE
[2018.09.15-04.41.05:467][  4]LogSlate: FSceneViewport::OnFocusLost() reason 0
[2018.09.15-04.41.43:380][645]Cmd: EDIT COPY
[2018.09.15-04.41.43:609][671]Cmd: EDIT PASTE
[2018.09.15-04.42.21:095][ 51]LogSlate: FSceneViewport::OnFocusLost() reason 0
[2018.09.15-04.42.30:847][197]LogSlate: FSceneViewport::OnFocusLost() reason 0
[2018.09.15-04.42.45:173][859]Cmd: TRANSACTION UNDO
[2018.09.15-04.42.45:173][859]LogEditorTransaction: Undo Scale Actors
[2018.09.15-04.42.49:089][306]LogEditorViewport: Clicking on Actor (LMB): BP_Sky_Sphere_C (Sky Sphere)
[2018.09.15-04.43.00:876][682]LogEditorViewport: Clicking on Actor (LMB): StaticMeshActor (Floor)
[2018.09.15-04.43.15:030][322]LogEditorViewport: Clicking on Actor (LMB): BP_Sky_Sphere_C (Sky Sphere)
[2018.09.15-04.43.24:921][490]LogSlate: FSceneViewport::OnFocusLost() reason 0
[2018.09.15-04.43.29:916][ 83]LogEditorViewport: Clicking on Actor (LMB): BP_Sky_Sphere_C (Sky Sphere)
[2018.09.15-04.43.45:172][898]LogSlate: FSceneViewport::OnFocusLost() reason 0
[2018.09.15-04.43.56:401][241]LogEditorViewport: Clicking on Actor (LMB): StaticMeshActor (Floor)
[2018.09.15-04.44.08:044][615]Cmd: EDIT COPY
[2018.09.15-04.44.08:542][674]Cmd: EDIT PASTE
[2018.09.15-04.44.52:494][800]LogSlate: FSceneViewport::OnFocusLost() reason 0
[2018.09.15-04.45.30:425][255]Cmd: EDIT COPY
[2018.09.15-04.45.30:623][278]Cmd: EDIT PASTE
[2018.09.15-04.45.36:595][964]LogSlate: FSceneViewport::OnFocusLost() reason 0
[2018.09.15-04.45.55:788][242]Cmd: EDIT COPY
[2018.09.15-04.45.56:019][269]Cmd: EDIT PASTE
[2018.09.15-04.46.21:836][269]LogEditorViewport: Clicking on Actor (LMB): StaticMeshActor (Floor)
[2018.09.15-04.46.25:842][727]LogSlate: FSceneViewport::OnFocusLost() reason 0
[2018.09.15-04.46.34:444][755]LogEditorViewport: Clicking on Actor (LMB): StaticMeshActor (Floor)
[2018.09.15-04.46.39:223][311]Cmd: EDIT COPY
[2018.09.15-04.46.39:813][381]Cmd: EDIT PASTE
[2018.09.15-04.46.51:877][758]LogSlate: FSceneViewport::OnFocusLost() reason 0
[2018.09.15-04.47.03:093][ 61]Cmd: TRANSACTION UNDO
[2018.09.15-04.47.03:093][ 61]LogEditorTransaction: Undo Scale Actors
[2018.09.15-04.47.03:126][ 61]LogActorComponent: ~FComponentReregisterContext: (/Game/NewMap.NewMap:PersistentLevel.Bowl.BrushComponent0) Component already registered.
[2018.09.15-04.47.07:062][499]Cmd: TRANSACTION UNDO
[2018.09.15-04.47.07:063][499]LogEditorTransaction: Undo Scale Actors
[2018.09.15-04.47.07:089][499]LogActorComponent: ~FComponentReregisterContext: (/Game/NewMap.NewMap:PersistentLevel.Bowl.BrushComponent0) Component already registered.
[2018.09.15-04.47.07:815][574]LogEditorViewport: Clicking on Actor (LMB): StaticMeshActor (Floor)
[2018.09.15-04.47.33:766][552]Cmd: TRANSACTION UNDO
[2018.09.15-04.47.33:766][552]LogEditorTransaction: Undo Move Actors
[2018.09.15-04.47.41:167][386]LogSlate: FSceneViewport::OnFocusLost() reason 0
[2018.09.15-04.48.06:302][258]LogSlate: FSceneViewport::OnFocusLost() reason 0
[2018.09.15-04.48.14:750][243]Cmd: EDIT COPY
[2018.09.15-04.48.14:974][269]Cmd: EDIT PASTE
[2018.09.15-04.48.22:821][161]LogSlate: FSceneViewport::OnFocusLost() reason 0
[2018.09.15-04.48.23:731][270]Cmd: TRANSACTION UNDO
[2018.09.15-04.48.23:731][270]LogEditorTransaction: Undo Move Actors
[2018.09.15-04.48.25:568][468]Cmd: TRANSACTION REDO
[2018.09.15-04.48.25:568][468]LogEditorTransaction: Redo Move Actors
[2018.09.15-04.48.49:008][448]Cmd: EDIT COPY
[2018.09.15-04.48.49:908][555]Cmd: EDIT PASTE
[2018.09.15-04.48.53:143][918]LogSlate: FSceneViewport::OnFocusLost() reason 2
[2018.09.15-04.48.53:201][918]Cmd: OBJ SAVEPACKAGE PACKAGE="/Game/NewMap" FILE="../../../../../../Users/Me/Desktop/textures/room alt ass/Kitchen/Saved/Autosaves/Game/NewMap_Auto1.umap" SILENT=true AUTOSAVING=true KEEPDIRTY=false
[2018.09.15-04.48.53:451][918]LogSavePackage: Moving '../../../../../../Users/Me/Desktop/textures/room alt ass/Kitchen/Saved/NewMap_Auto109CDFCD741AF36CBD1425795550A541A.tmp' to '../../../../../../Users/Me/Desktop/textures/room alt ass/Kitchen/Saved/Autosaves/Game/NewMap_Auto1.umap'
[2018.09.15-04.48.53:454][918]LogFileHelpers: Editor autosave (incl. sublevels) for '/Game/NewMap' took 0.295
[2018.09.15-04.48.53:454][918]LogFileHelpers: Editor autosave (incl. sublevels) for all levels took 0.295
[2018.09.15-04.49.04:626][223]LogSlate: FSceneViewport::OnFocusLost() reason 0
[2018.09.15-04.49.21:010][144]LogSlate: FSceneViewport::OnFocusLost() reason 0
[2018.09.15-04.49.52:575][750]LogSlate: FSceneViewport::OnFocusLost() reason 0
[2018.09.15-04.49.58:531][443]LogSlate: FSceneViewport::OnFocusLost() reason 0
[2018.09.15-04.50.16:193][539]LogEditorViewport: Clicking on Actor (LMB): StaticMeshActor (Floor)
[2018.09.15-04.50.23:764][428]Cmd: EDIT COPY
[2018.09.15-04.50.23:964][451]Cmd: EDIT PASTE
[2018.09.15-04.50.49:274][409]LogSlate: FSceneViewport::OnFocusLost() reason 0
[2018.09.15-04.50.53:202][872]LogSlate: FSceneViewport::OnFocusLost() reason 0
[2018.09.15-04.51.22:829][353]LogEditorViewport: Clicking on Actor (LMB): StaticMeshActor (Floor)
[2018.09.15-04.51.25:864][703]LogSlate: FSceneViewport::OnFocusLost() reason 0
[2018.09.15-04.51.32:534][486]LogEditorViewport: Clicking on Actor (LMB): StaticMeshActor (Floor)
[2018.09.15-04.51.34:041][654]LogSlate: FSceneViewport::OnFocusLost() reason 0
[2018.09.15-04.51.46:062][ 80]LogSlate: FSceneViewport::OnFocusLost() reason 0
[2018.09.15-04.51.53:823][979]Cmd: EDIT COPY
[2018.09.15-04.51.54:029][  2]Cmd: EDIT PASTE
[2018.09.15-04.52.00:213][709]LogSlate: FSceneViewport::OnFocusLost() reason 0
[2018.09.15-04.52.16:637][627]LogSlate: FSceneViewport::OnFocusLost() reason 0
[2018.09.15-04.52.27:243][380]Cmd: EDIT COPY
[2018.09.15-04.52.27:492][409]Cmd: EDIT PASTE
[2018.09.15-04.52.40:021][845]LogSlate: FSceneViewport::OnFocusLost() reason 0
[2018.09.15-04.52.58:903][ 85]Cmd: EDIT COPY
[2018.09.15-04.52.59:506][156]Cmd: EDIT PASTE
[2018.09.15-04.53.43:849][309]LogSlate: FSceneViewport::OnFocusLost() reason 0
[2018.09.15-04.53.57:895][494]LogEditorViewport: Clicking on Actor (LMB): StaticMeshActor (Floor)
[2018.09.15-04.54.06:599][523]LogSlate: FSceneViewport::OnFocusLost() reason 2
[2018.09.15-04.54.09:319][815]LogTemp: Repeating last play command: Selected Viewport
[2018.09.15-04.54.09:339][815]LogPlayLevel: PlayLevel: No blueprints needed recompiling
[2018.09.15-04.54.09:352][815]PIE: New page: PIE session: NewMap (Sep 16, 2018, 12:54:09 AM)
[2018.09.15-04.54.09:352][815]LogPlayLevel: Creating play world package: /Game/UEDPIE_0_NewMap
[2018.09.15-04.54.09:366][815]LogPlayLevel: PIE: StaticDuplicateObject took: (0.013717s)
[2018.09.15-04.54.09:367][815]LogAIModule: Creating AISystem for world NewMap
[2018.09.15-04.54.09:367][815]LogPlayLevel: PIE: World Init took: (0.001053s)
[2018.09.15-04.54.09:367][815]LogPlayLevel: PIE: Created PIE world by copying editor world from /Game/NewMap.NewMap to /Game/UEDPIE_0_NewMap.NewMap (0.014944s)
[2018.09.15-04.54.09:407][815]LogInit: XAudio2 using 'Speakers / Headphones (Realtek High Definition Audio)' : 2 channels at 48 kHz using 32 bits per sample (channel mask 0x3)
[2018.09.15-04.54.09:428][815]LogInit: FAudioDevice initialized.
[2018.09.15-04.54.09:428][815]LogSlate: FSceneViewport::OnFocusLost() reason 2
[2018.09.15-04.54.09:471][815]LogLoad: Game class is 'GameModeBase'
[2018.09.15-04.54.09:474][815]LogWorld: Bringing World /Game/UEDPIE_0_NewMap.NewMap up for play (max tick rate 0) at 2018.09.15-14.54.09
[2018.09.15-04.54.09:475][815]LogWorld: Bringing up level for play took: 0.001938
[2018.09.15-04.54.09:492][815]LogContentBrowser: Native class hierarchy updated for 'MovieSceneCapture' in 0.0004 seconds. Added 10 classes and 0 folders.
[2018.09.15-04.54.09:493][815]PIE: Play in editor start time for /Game/UEDPIE_0_NewMap 0.418
[2018.09.15-04.54.27:597][983]LogSlate: Updating window title bar state: overlay mode, drag disabled, window buttons hidden, title bar hidden
[2018.09.15-04.54.27:630][983]LogPlayLevel: Display: Shutting down PIE online subsystems
[2018.09.15-04.54.27:658][983]LogSlate: Updating window title bar state: overlay mode, drag disabled, window buttons hidden, title bar hidden
[2018.09.15-04.54.27:698][987]LogPlayLevel: Display: Destroying online subsystem :Context_3
[2018.09.15-04.55.19:111][958]LogSlate: FSceneViewport::OnFocusLost() reason 0
[2018.09.15-04.55.20:736][122]LogTemp: Repeating last play command: Selected Viewport
[2018.09.15-04.55.20:754][122]LogPlayLevel: PlayLevel: No blueprints needed recompiling
[2018.09.15-04.55.20:755][122]PIE: New page: PIE session: NewMap (Sep 16, 2018, 12:55:20 AM)
[2018.09.15-04.55.20:755][122]LogPlayLevel: Creating play world package: /Game/UEDPIE_0_NewMap
[2018.09.15-04.55.20:769][122]LogPlayLevel: PIE: StaticDuplicateObject took: (0.014481s)
[2018.09.15-04.55.20:770][122]LogAIModule: Creating AISystem for world NewMap
[2018.09.15-04.55.20:770][122]LogPlayLevel: PIE: World Init took: (0.000875s)
[2018.09.15-04.55.20:770][122]LogPlayLevel: PIE: Created PIE world by copying editor world from /Game/NewMap.NewMap to /Game/UEDPIE_0_NewMap.NewMap (0.015512s)
[2018.09.15-04.55.20:803][122]LogInit: XAudio2 using 'Speakers / Headphones (Realtek High Definition Audio)' : 2 channels at 48 kHz using 32 bits per sample (channel mask 0x3)
[2018.09.15-04.55.20:822][122]LogInit: FAudioDevice initialized.
[2018.09.15-04.55.20:855][122]LogLoad: Game class is 'GameModeBase'
[2018.09.15-04.55.20:857][122]LogWorld: Bringing World /Game/UEDPIE_0_NewMap.NewMap up for play (max tick rate 0) at 2018.09.15-14.55.20
[2018.09.15-04.55.20:857][122]LogWorld: Bringing up level for play took: 0.001895
[2018.09.15-04.55.20:870][122]PIE: Play in editor start time for /Game/UEDPIE_0_NewMap -0.205
[2018.09.15-04.55.31:535][396]LogSlate: Updating window title bar state: overlay mode, drag disabled, window buttons hidden, title bar hidden
[2018.09.15-04.55.31:569][396]LogPlayLevel: Display: Shutting down PIE online subsystems
[2018.09.15-04.55.31:599][396]LogSlate: Updating window title bar state: overlay mode, drag disabled, window buttons hidden, title bar hidden
[2018.09.15-04.55.31:640][400]LogPlayLevel: Display: Destroying online subsystem :Context_4
[2018.09.15-04.56.05:423][318]Cmd: TRANSACTION UNDO
[2018.09.15-04.56.05:423][318]LogEditorTransaction: Undo Move Actors
[2018.09.15-04.56.05:447][318]LogActorComponent: ~FComponentReregisterContext: (/Game/NewMap.NewMap:PersistentLevel.sink_tub.BrushComponent0) Component already registered.
[2018.09.15-04.56.22:367][277]LogSlate: FSceneViewport::OnFocusLost() reason 2
[2018.09.15-04.56.22:382][277]Cmd: OBJ SAVEPACKAGE PACKAGE="/Game/NewMap" FILE="../../../../../../Users/Me/Desktop/textures/room alt ass/Kitchen/Content/NewMap.umap" SILENT=true AUTOSAVING=false KEEPDIRTY=false
[2018.09.15-04.56.22:606][277]LogSavePackage: Moving '../../../../../../Users/Me/Desktop/textures/room alt ass/Kitchen/Saved/NewMap67431EAB46D159A75C125A8053FBD1A9.tmp' to '../../../../../../Users/Me/Desktop/textures/room alt ass/Kitchen/Content/NewMap.umap'
[2018.09.15-04.56.22:646][277]Cmd: OBJ SAVEPACKAGE PACKAGE="/Game/NewMap_BuiltData" FILE="../../../../../../Users/Me/Desktop/textures/room alt ass/Kitchen/Content/NewMap_BuiltData.uasset" SILENT=true
[2018.09.15-04.56.22:695][277]LogSavePackage: Moving '../../../../../../Users/Me/Desktop/textures/room alt ass/Kitchen/Saved/NewMap_BuiltDataC24F93FD4B70441168B2B4A94858C21B.tmp' to '../../../../../../Users/Me/Desktop/textures/room alt ass/Kitchen/Content/NewMap_BuiltData.uasset'
[2018.09.15-04.56.24:485][451]LogTemp: Repeating last play command: Selected Viewport
[2018.09.15-04.56.24:503][451]LogPlayLevel: PlayLevel: No blueprints needed recompiling
[2018.09.15-04.56.24:503][451]PIE: New page: PIE session: NewMap (Sep 16, 2018, 12:56:24 AM)
[2018.09.15-04.56.24:503][451]LogPlayLevel: Creating play world package: /Game/UEDPIE_0_NewMap
[2018.09.15-04.56.24:517][451]LogPlayLevel: PIE: StaticDuplicateObject took: (0.013791s)
[2018.09.15-04.56.24:518][451]LogAIModule: Creating AISystem for world NewMap
[2018.09.15-04.56.24:518][451]LogPlayLevel: PIE: World Init took: (0.001086s)
[2018.09.15-04.56.24:518][451]LogPlayLevel: PIE: Created PIE world by copying editor world from /Game/NewMap.NewMap to /Game/UEDPIE_0_NewMap.NewMap (0.015073s)
[2018.09.15-04.56.24:549][451]LogInit: XAudio2 using 'Speakers / Headphones (Realtek High Definition Audio)' : 2 channels at 48 kHz using 32 bits per sample (channel mask 0x3)
[2018.09.15-04.56.24:567][451]LogInit: FAudioDevice initialized.
[2018.09.15-04.56.24:595][451]LogLoad: Game class is 'GameModeBase'
[2018.09.15-04.56.24:597][451]LogWorld: Bringing World /Game/UEDPIE_0_NewMap.NewMap up for play (max tick rate 0) at 2018.09.15-14.56.24
[2018.09.15-04.56.24:598][451]LogWorld: Bringing up level for play took: 0.001682
[2018.09.15-04.56.24:612][451]PIE: Play in editor start time for /Game/UEDPIE_0_NewMap -0.463
[2018.09.15-04.56.41:762][505]LogSlate: Updating window title bar state: overlay mode, drag disabled, window buttons hidden, title bar hidden
[2018.09.15-04.56.41:800][505]LogPlayLevel: Display: Shutting down PIE online subsystems
[2018.09.15-04.56.41:823][505]LogSlate: Updating window title bar state: overlay mode, drag disabled, window buttons hidden, title bar hidden
[2018.09.15-04.56.41:863][509]LogPlayLevel: Display: Destroying online subsystem :Context_5
[2018.09.15-04.56.42:532][588]LogSlate: FSceneViewport::OnFocusLost() reason 2
[2018.09.15-04.56.42:545][588]Cmd: OBJ SAVEPACKAGE PACKAGE="/Game/NewMap" FILE="../../../../../../Users/Me/Desktop/textures/room alt ass/Kitchen/Content/NewMap.umap" SILENT=true AUTOSAVING=false KEEPDIRTY=false
[2018.09.15-04.56.42:688][588]LogSavePackage: Moving '../../../../../../Users/Me/Desktop/textures/room alt ass/Kitchen/Saved/NewMap4AB8E73144A4C07A40E35EB700121F26.tmp' to '../../../../../../Users/Me/Desktop/textures/room alt ass/Kitchen/Content/NewMap.umap'
[2018.09.15-04.56.42:718][588]Cmd: OBJ SAVEPACKAGE PACKAGE="/Game/NewMap_BuiltData" FILE="../../../../../../Users/Me/Desktop/textures/room alt ass/Kitchen/Content/NewMap_BuiltData.uasset" SILENT=true
[2018.09.15-04.56.42:752][588]LogSavePackage: Moving '../../../../../../Users/Me/Desktop/textures/room alt ass/Kitchen/Saved/NewMap_BuiltData6A17413149A3150D2AFD30A143719F54.tmp' to '../../../../../../Users/Me/Desktop/textures/room alt ass/Kitchen/Content/NewMap_BuiltData.uasset'
[2018.09.15-04.56.44:154][732]LogSlate: Window 'Kitchen - Unreal Editor' being destroyed
[2018.09.15-04.56.44:423][733]Cmd: QUIT_EDITOR
[2018.09.15-04.56.44:486][733]LogWindowsTextInputMethodSystem: Display: IME system now deactivated.
[2018.09.15-04.56.44:501][733]LogExit: Preparing to exit.
[2018.09.15-04.56.45:213][733]LogExit: Editor shut down
[2018.09.15-04.56.45:213][733]LogExit: Transaction tracking system shut down
[2018.09.15-04.56.45:920][733]LogExit: Object subsystem successfully closed.
[2018.09.15-04.56.45:937][733]LogShaderCompilers: Display: Shaders left to compile 0
[2018.09.15-04.56.45:940][733]LogD3D11RHI: Shutdown
[2018.09.15-04.56.45:940][733]LogD3D11RHI: CleanupD3DDevice
[2018.09.15-04.56.45:942][733]LogD3D11RHI: ~FD3D11DynamicRHI
[2018.09.15-04.56.45:959][733]LogModuleManager: Shutting down and abandoning module MovieSceneCapture (616)
[2018.09.15-04.56.45:959][733]LogModuleManager: Shutting down and abandoning module Voice (614)
[2018.09.15-04.56.45:959][733]LogModuleManager: Shutting down and abandoning module HierarchicalLODOutliner (612)
[2018.09.15-04.56.45:959][733]LogModuleManager: Shutting down and abandoning module SceneOutliner (610)
[2018.09.15-04.56.45:959][733]LogModuleManager: Shutting down and abandoning module AddContentDialog (608)
[2018.09.15-04.56.45:959][733]LogModuleManager: Shutting down and abandoning module WidgetCarousel (607)
[2018.09.15-04.56.45:959][733]LogModuleManager: Shutting down and abandoning module EditorWidgets (604)
[2018.09.15-04.56.45:959][733]LogModuleManager: Shutting down and abandoning module CollectionManager (602)
[2018.09.15-04.56.45:959][733]LogModuleManager: Shutting down and abandoning module HierarchicalLODUtilities (600)
[2018.09.15-04.56.45:960][733]LogModuleManager: Shutting down and abandoning module StatsViewer (598)
[2018.09.15-04.56.45:960][733]LogModuleManager: Shutting down and abandoning module FoliageEdit (596)
[2018.09.15-04.56.45:960][733]LogModuleManager: Shutting down and abandoning module LandscapeEditor (594)
[2018.09.15-04.56.45:960][733]LogModuleManager: Shutting down and abandoning module MeshPaintMode (592)
[2018.09.15-04.56.45:960][733]LogModuleManager: Shutting down and abandoning module SceneDepthPickerMode (590)
[2018.09.15-04.56.45:960][733]LogModuleManager: Shutting down and abandoning module ActorPickerMode (588)
[2018.09.15-04.56.45:960][733]LogModuleManager: Shutting down and abandoning module GeometryMode (586)
[2018.09.15-04.56.45:960][733]LogModuleManager: Shutting down and abandoning module TextureAlignMode (584)
[2018.09.15-04.56.45:960][733]LogModuleManager: Shutting down and abandoning module BspMode (582)
[2018.09.15-04.56.45:960][733]LogModuleManager: Shutting down and abandoning module PIEPreviewDeviceProfileSelector (580)
[2018.09.15-04.56.45:960][733]LogModuleManager: Shutting down and abandoning module SequenceRecorderSections (578)
[2018.09.15-04.56.45:960][733]LogModuleManager: Shutting down and abandoning module AutomationWorker (576)
[2018.09.15-04.56.45:960][733]LogModuleManager: Shutting down and abandoning module AudioCaptureEditor (574)
[2018.09.15-04.56.45:960][733]LogModuleManager: Shutting down and abandoning module SequenceRecorder (573)
[2018.09.15-04.56.45:960][733]LogModuleManager: Shutting down and abandoning module MatineeToLevelSequence (570)
[2018.09.15-04.56.45:960][733]LogModuleManager: Shutting down and abandoning module LevelSequenceEditor (568)
[2018.09.15-04.56.45:960][733]LogModuleManager: Shutting down and abandoning module PlacementMode (567)
[2018.09.15-04.56.45:960][733]LogModuleManager: Shutting down and abandoning module MaterialEditor (566)
[2018.09.15-04.56.45:960][733]LogModuleManager: Shutting down and abandoning module WmfMediaFactory (562)
[2018.09.15-04.56.45:960][733]LogModuleManager: Shutting down and abandoning module WmfMediaEditor (560)
[2018.09.15-04.56.45:960][733]LogModuleManager: Shutting down and abandoning module MediaPlayerEditor (558)
[2018.09.15-04.56.45:960][733]LogModuleManager: Shutting down and abandoning module OpenExrWrapper (556)
[2018.09.15-04.56.45:960][733]LogModuleManager: Shutting down and abandoning module ImgMediaFactory (554)
[2018.09.15-04.56.45:960][733]LogModuleManager: Shutting down and abandoning module ImgMediaEditor (552)
[2018.09.15-04.56.45:960][733]LogModuleManager: Shutting down and abandoning module AvfMediaFactory (550)
[2018.09.15-04.56.45:960][733]LogModuleManager: Shutting down and abandoning module AvfMediaEditor (548)
[2018.09.15-04.56.45:960][733]LogModuleManager: Shutting down and abandoning module AndroidMediaFactory (546)
[2018.09.15-04.56.45:960][733]LogModuleManager: Shutting down and abandoning module AndroidMediaEditor (544)
[2018.09.15-04.56.45:960][733]LogModuleManager: Shutting down and abandoning module MagicLeapCameraPreviewFactory (542)
[2018.09.15-04.56.45:960][733]LogModuleManager: Shutting down and abandoning module MagicLeapMediaFactory (540)
[2018.09.15-04.56.45:960][733]LogModuleManager: Shutting down and abandoning module MagicLeapMediaEditor (538)
[2018.09.15-04.56.45:960][733]LogModuleManager: Shutting down and abandoning module CharacterAI (536)
[2018.09.15-04.56.45:960][733]LogModuleManager: Shutting down and abandoning module SmartSnapping (534)
[2018.09.15-04.56.45:960][733]LogModuleManager: Shutting down and abandoning module SessionServices (532)
[2018.09.15-04.56.45:960][733]LogModuleManager: Shutting down and abandoning module ViewportSnapping (530)
[2018.09.15-04.56.45:960][733]LogModuleManager: Shutting down and abandoning module ViewportInteraction (528)
[2018.09.15-04.56.45:960][733]LogModuleManager: Shutting down and abandoning module ClothPainter (526)
[2018.09.15-04.56.45:960][733]LogModuleManager: Shutting down and abandoning module SkeletalMeshEditor (525)
[2018.09.15-04.56.45:960][733]LogModuleManager: Shutting down and abandoning module LogVisualizer (522)
[2018.09.15-04.56.45:961][733]LogModuleManager: Shutting down and abandoning module IntroTutorials (520)
[2018.09.15-04.56.45:961][733]LogModuleManager: Shutting down and abandoning module GameProjectGeneration (519)
[2018.09.15-04.56.45:961][733]LogModuleManager: Shutting down and abandoning module LuminPlatformEditor (516)
[2018.09.15-04.56.45:961][733]LogModuleManager: Shutting down and abandoning module IOSPlatformEditor (514)
[2018.09.15-04.56.45:961][733]LogModuleManager: Shutting down and abandoning module HTML5PlatformEditor (512)
[2018.09.15-04.56.45:961][733]LogModuleManager: Shutting down and abandoning module AndroidPlatformEditor (510)
[2018.09.15-04.56.45:961][733]LogModuleManager: Shutting down and abandoning module AndroidDeviceDetection (509)
[2018.09.15-04.56.46:357][733]LogModuleManager: Shutting down and abandoning module WindowsPlatformEditor (506)
[2018.09.15-04.56.46:357][733]LogModuleManager: Shutting down and abandoning module LuminRuntimeSettings (504)
[2018.09.15-04.56.46:357][733]LogModuleManager: Shutting down and abandoning module IOSRuntimeSettings (502)
[2018.09.15-04.56.46:357][733]LogModuleManager: Shutting down and abandoning module AndroidRuntimeSettings (500)
[2018.09.15-04.56.46:357][733]LogModuleManager: Shutting down and abandoning module InputBindingEditor (498)
[2018.09.15-04.56.46:357][733]LogModuleManager: Shutting down and abandoning module MergeActors (496)
[2018.09.15-04.56.46:357][733]LogModuleManager: Shutting down and abandoning module LocalizationDashboard (494)
[2018.09.15-04.56.46:357][733]LogModuleManager: Shutting down and abandoning module LocalizationService (493)
[2018.09.15-04.56.46:358][733]LogModuleManager: Shutting down and abandoning module HardwareTargeting (490)
[2018.09.15-04.56.46:358][733]LogModuleManager: Shutting down and abandoning module DeviceProfileEditor (488)
[2018.09.15-04.56.46:358][733]LogModuleManager: Shutting down and abandoning module UndoHistory (486)
[2018.09.15-04.56.46:358][733]LogModuleManager: Shutting down and abandoning module XmlParser (484)
[2018.09.15-04.56.46:358][733]LogModuleManager: Shutting down and abandoning module Blutility (482)
[2018.09.15-04.56.46:358][733]LogModuleManager: Shutting down and abandoning module ProjectSettingsViewer (480)
[2018.09.15-04.56.46:358][733]LogModuleManager: Shutting down and abandoning module ProjectTargetPlatformEditor (479)
[2018.09.15-04.56.46:358][733]LogModuleManager: Shutting down and abandoning module EditorSettingsViewer (476)
[2018.09.15-04.56.46:358][733]LogModuleManager: Shutting down and abandoning module SettingsEditor (474)
[2018.09.15-04.56.46:358][733]LogModuleManager: Shutting down and abandoning module ProjectLauncher (472)
[2018.09.15-04.56.46:358][733]LogModuleManager: Shutting down and abandoning module SessionFrontend (470)
[2018.09.15-04.56.46:358][733]LogModuleManager: Shutting down and abandoning module ProfilerClient (468)
[2018.09.15-04.56.46:358][733]LogModuleManager: Shutting down and abandoning module DeviceManager (466)
[2018.09.15-04.56.46:358][733]LogModuleManager: Shutting down and abandoning module TargetDeviceServices (465)
[2018.09.15-04.56.46:423][733]LogModuleManager: Shutting down and abandoning module AutomationController (462)
[2018.09.15-04.56.46:423][733]LogModuleManager: Shutting down and abandoning module AutomationWindow (460)
[2018.09.15-04.56.46:423][733]LogModuleManager: Shutting down and abandoning module Layers (458)
[2018.09.15-04.56.46:423][733]LogModuleManager: Shutting down and abandoning module ComponentVisualizers (456)
[2018.09.15-04.56.46:423][733]LogModuleManager: Shutting down and abandoning module DetailCustomizations (454)
[2018.09.15-04.56.46:423][733]LogModuleManager: Shutting down and abandoning module PackagesDialog (452)
[2018.09.15-04.56.46:423][733]LogModuleManager: Shutting down and abandoning module Persona (450)
[2018.09.15-04.56.46:423][733]LogModuleManager: Shutting down and abandoning module AdvancedPreviewScene (449)
[2018.09.15-04.56.46:423][733]LogModuleManager: Shutting down and abandoning module AnimGraph (447)
[2018.09.15-04.56.46:423][733]LogModuleManager: Shutting down and abandoning module Kismet (444)
[2018.09.15-04.56.46:424][733]LogModuleManager: Shutting down and abandoning module GraphEditor (442)
[2018.09.15-04.56.46:424][733]LogModuleManager: Shutting down and abandoning module ClassViewer (440)
[2018.09.15-04.56.46:424][733]LogModuleManager: Shutting down and abandoning module Toolbox (438)
[2018.09.15-04.56.46:424][733]LogModuleManager: Shutting down and abandoning module ModuleUI (436)
[2018.09.15-04.56.46:424][733]LogModuleManager: Shutting down and abandoning module MovieSceneTools (434)
[2018.09.15-04.56.46:424][733]LogModuleManager: Shutting down and abandoning module OutputLog (432)
[2018.09.15-04.56.46:424][733]LogModuleManager: Shutting down and abandoning module GammaUI (430)
[2018.09.15-04.56.46:424][733]LogModuleManager: Shutting down and abandoning module Documentation (428)
[2018.09.15-04.56.46:424][733]LogModuleManager: Shutting down and abandoning module MovieSceneTracks (426)
[2018.09.15-04.56.46:424][733]LogModuleManager: Shutting down and abandoning module MovieScene (424)
[2018.09.15-04.56.46:424][733]LogModuleManager: Shutting down and abandoning module StreamingPauseRendering (422)
[2018.09.15-04.56.46:424][733]LogModuleManager: Shutting down and abandoning module LauncherPlatform (420)
[2018.09.15-04.56.46:424][733]LogModuleManager: Shutting down and abandoning module AnalyticsET (418)
[2018.09.15-04.56.46:424][733]LogModuleManager: Shutting down and abandoning module PortalServices (416)
[2018.09.15-04.56.46:424][733]LogModuleManager: Shutting down and abandoning module PortalRpc (414)
[2018.09.15-04.56.46:424][733]LogModuleManager: Shutting down and abandoning module MessagingRpc (412)
[2018.09.15-04.56.46:424][733]LogModuleManager: Shutting down and abandoning module AIModule (410)
[2018.09.15-04.56.46:424][733]LogModuleManager: Shutting down and abandoning module GameplayDebugger (409)
[2018.09.15-04.56.46:424][733]LogModuleManager: Shutting down and abandoning module AITestSuite (407)
[2018.09.15-04.56.46:424][733]LogModuleManager: Shutting down and abandoning module NavigationSystem (405)
[2018.09.15-04.56.46:424][733]LogModuleManager: Shutting down and abandoning module DesktopPlatform (402)
[2018.09.15-04.56.46:424][733]LogModuleManager: Shutting down and abandoning module ProfilerService (400)
[2018.09.15-04.56.46:618][733]LogModuleManager: Shutting down and abandoning module TaskGraph (398)
[2018.09.15-04.56.46:618][733]LogModuleManager: Shutting down and abandoning module SteamVRController (396)
[2018.09.15-04.56.46:618][733]LogModuleManager: Shutting down and abandoning module ProceduralMeshComponentEditor (394)
[2018.09.15-04.56.46:618][733]LogModuleManager: Shutting down and abandoning module ProceduralMeshComponent (392)
[2018.09.15-04.56.46:618][733]LogModuleManager: Shutting down and abandoning module OculusInput (390)
[2018.09.15-04.56.46:618][733]LogModuleManager: Shutting down and abandoning module MobilePatchingUtils (388)
[2018.09.15-04.56.46:618][733]LogModuleManager: Shutting down and abandoning module EditableMesh (386)
[2018.09.15-04.56.46:618][733]LogModuleManager: Shutting down and abandoning module CustomMeshComponent (384)
[2018.09.15-04.56.46:618][733]LogModuleManager: Shutting down and abandoning module CableComponent (382)
[2018.09.15-04.56.46:618][733]LogModuleManager: Shutting down and abandoning module AudioCapture (380)
[2018.09.15-04.56.46:618][733]LogModuleManager: Shutting down and abandoning module ArchVisCharacter (378)
[2018.09.15-04.56.46:618][733]LogModuleManager: Shutting down and abandoning module AndroidPermission (376)
[2018.09.15-04.56.46:618][733]LogModuleManager: Shutting down and abandoning module NUTUnrealEngine4 (374)
[2018.09.15-04.56.46:619][733]LogModuleManager: Shutting down and abandoning module NetcodeUnitTest (372)
[2018.09.15-04.56.46:619][733]LogModuleManager: Shutting down and abandoning module MediaCompositingEditor (370)
[2018.09.15-04.56.46:619][733]LogModuleManager: Shutting down and abandoning module MediaCompositing (368)
[2018.09.15-04.56.46:619][733]LogModuleManager: Shutting down and abandoning module LinearTimecode (366)
[2018.09.15-04.56.46:619][733]LogModuleManager: Shutting down and abandoning module ImgMedia (364)
[2018.09.15-04.56.46:631][733]LogModuleManager: Shutting down and abandoning module HTML5Networking (362)
[2018.09.15-04.56.46:632][733]LogModuleManager: Shutting down and abandoning module GeometryCacheTracks (360)
[2018.09.15-04.56.46:635][733]LogModuleManager: Shutting down and abandoning module GeometryCacheSequencer (358)
[2018.09.15-04.56.46:635][733]LogModuleManager: Shutting down and abandoning module BackChannel (356)
[2018.09.15-04.56.46:635][733]LogModuleManager: Shutting down and abandoning module AppleVision (354)
[2018.09.15-04.56.46:635][733]LogModuleManager: Shutting down and abandoning module AppleImageUtils (352)
[2018.09.15-04.56.46:635][733]LogModuleManager: Shutting down and abandoning module AlembicImporter (350)
[2018.09.15-04.56.46:635][733]LogModuleManager: Shutting down and abandoning module AlembicLibrary (349)
[2018.09.15-04.56.46:635][733]LogModuleManager: Shutting down and abandoning module GeometryCache (348)
[2018.09.15-04.56.46:635][733]LogModuleManager: Shutting down and abandoning module GeometryCacheEd (347)
[2018.09.15-04.56.46:636][733]LogModuleManager: Shutting down and abandoning module DatasmithContentEditor (342)
[2018.09.15-04.56.46:636][733]LogModuleManager: Shutting down and abandoning module DatasmithContent (340)
[2018.09.15-04.56.46:637][733]LogModuleManager: Shutting down and abandoning module SpeedTreeImporter (338)
[2018.09.15-04.56.46:637][733]LogModuleManager: Shutting down and abandoning module PluginBrowser (336)
[2018.09.15-04.56.46:637][733]LogModuleManager: Shutting down and abandoning module MobileLauncherProfileWizard (334)
[2018.09.15-04.56.46:637][733]LogModuleManager: Shutting down and abandoning module PolygonModeling (332)
[2018.09.15-04.56.46:637][733]LogModuleManager: Shutting down and abandoning module MeshEditor (330)
[2018.09.15-04.56.46:637][733]LogModuleManager: Shutting down and abandoning module CryptoKeysOpenSSL (328)
[2018.09.15-04.56.46:637][733]LogModuleManager: Shutting down and abandoning module CryptoKeys (326)
[2018.09.15-04.56.46:637][733]LogModuleManager: Shutting down and abandoning module VisualStudioSourceCodeAccess (324)
[2018.09.15-04.56.46:637][733]LogModuleManager: Shutting down and abandoning module VisualStudioCodeSourceCodeAccess (322)
[2018.09.15-04.56.46:637][733]LogModuleManager: Shutting down and abandoning module UObjectPlugin (320)
[2018.09.15-04.56.46:637][733]LogModuleManager: Shutting down and abandoning module SubversionSourceControl (318)
[2018.09.15-04.56.46:637][733]LogModuleManager: Shutting down and abandoning module PerforceSourceControl (316)
[2018.09.15-04.56.46:637][733]LogModuleManager: Shutting down and abandoning module GitSourceControl (314)
[2018.09.15-04.56.46:638][733]LogModuleManager: Shutting down and abandoning module SourceControl (313)
[2018.09.15-04.56.46:638][733]LogModuleManager: Shutting down and abandoning module CLionSourceCodeAccess (310)
[2018.09.15-04.56.46:638][733]LogModuleManager: Shutting down and abandoning module LightPropagationVolumeEditor (308)
[2018.09.15-04.56.46:638][733]LogModuleManager: Shutting down and abandoning module PaperTiledImporter (306)
[2018.09.15-04.56.46:638][733]LogModuleManager: Shutting down and abandoning module PaperSpriteSheetImporter (304)
[2018.09.15-04.56.46:638][733]LogModuleManager: Shutting down and abandoning module Paper2DEditor (302)
[2018.09.15-04.56.46:638][733]LogModuleManager: Shutting down and abandoning module MeshPaint (301)
[2018.09.15-04.56.46:638][733]LogModuleManager: Shutting down and abandoning module RuntimePhysXCooking (298)
[2018.09.15-04.56.46:638][733]LogModuleManager: Shutting down and abandoning module PhysXVehiclesEditor (296)
[2018.09.15-04.56.46:638][733]LogModuleManager: Shutting down and abandoning module PhysXVehicles (294)
[2018.09.15-04.56.46:638][733]LogModuleManager: Shutting down and abandoning module OculusEditor (292)
[2018.09.15-04.56.46:638][733]LogModuleManager: Shutting down and abandoning module LocationServicesBPLibrary (290)
[2018.09.15-04.56.46:639][733]LogModuleManager: Shutting down and abandoning module ImmediatePhysicsEditor (288)
[2018.09.15-04.56.46:639][733]LogModuleManager: Shutting down and abandoning module ImmediatePhysics (286)
[2018.09.15-04.56.46:639][733]LogModuleManager: Shutting down and abandoning module ActorSequence (284)
[2018.09.15-04.56.46:639][733]LogModuleManager: Shutting down and abandoning module UdpMessaging (282)
[2018.09.15-04.56.46:740][733]LogModuleManager: Shutting down and abandoning module TcpMessaging (280)
[2018.09.15-04.56.46:840][733]LogModuleManager: Shutting down and abandoning module MagicLeapAudio (278)
[2018.09.15-04.56.46:840][733]LogModuleManager: Shutting down and abandoning module GameplayTagsEditor (276)
[2018.09.15-04.56.46:840][733]LogModuleManager: Shutting down and abandoning module FacialAnimationEditor (274)
[2018.09.15-04.56.46:840][733]LogModuleManager: Shutting down and abandoning module FacialAnimation (272)
[2018.09.15-04.56.46:840][733]LogModuleManager: Shutting down and abandoning module DataValidation (270)
[2018.09.15-04.56.46:840][733]LogModuleManager: Shutting down and abandoning module AssetManagerEditor (268)
[2018.09.15-04.56.46:840][733]LogModuleManager: Shutting down and abandoning module LevelEditor (267)
[2018.09.15-04.56.46:841][733]LogModuleManager: Shutting down and abandoning module PixelInspectorModule (266)
[2018.09.15-04.56.46:841][733]LogModuleManager: Shutting down and abandoning module CommonMenuExtensions (264)
[2018.09.15-04.56.46:841][733]LogModuleManager: Shutting down and abandoning module MainFrame (262)
[2018.09.15-04.56.46:841][733]LogModuleManager: Shutting down and abandoning module HotReload (261)
[2018.09.15-04.56.46:841][733]LogModuleManager: Shutting down and abandoning module ContentBrowser (257)
[2018.09.15-04.56.46:842][733]LogModuleManager: Shutting down and abandoning module TreeMap (255)
[2018.09.15-04.56.46:842][733]LogModuleManager: Shutting down and abandoning module LightPropagationVolumeRuntime (252)
[2018.09.15-04.56.46:842][733]LogModuleManager: Shutting down and abandoning module AISupportModule (250)
[2018.09.15-04.56.46:842][733]LogModuleManager: Shutting down and abandoning module Paper2D (248)
[2018.09.15-04.56.46:842][733]LogModuleManager: Shutting down and abandoning module WindowsMoviePlayer (246)
[2018.09.15-04.56.46:842][733]LogModuleManager: Shutting down and abandoning module WmfMedia (244)
[2018.09.15-04.56.46:844][733]LogModuleManager: Shutting down and abandoning module Media (243)
[2018.09.15-04.56.46:850][733]LogModuleManager: Shutting down and abandoning module PacketHandler (240)
[2018.09.15-04.56.46:850][733]LogModuleManager: Shutting down and abandoning module ClothingSystemEditor (238)
[2018.09.15-04.56.46:850][733]LogModuleManager: Shutting down and abandoning module ClothingSystemRuntime (236)
[2018.09.15-04.56.46:850][733]LogModuleManager: Shutting down and abandoning module MediaAssets (234)
[2018.09.15-04.56.46:850][733]LogModuleManager: Shutting down and abandoning module Overlay (232)
[2018.09.15-04.56.46:850][733]LogModuleManager: Shutting down and abandoning module OverlayEditor (231)
[2018.09.15-04.56.46:850][733]LogModuleManager: Shutting down and abandoning module VREditor (228)
[2018.09.15-04.56.46:850][733]LogModuleManager: Shutting down and abandoning module StringTableEditor (226)
[2018.09.15-04.56.46:850][733]LogModuleManager: Shutting down and abandoning module GameplayTasksEditor (224)
[2018.09.15-04.56.46:850][733]LogModuleManager: Shutting down and abandoning module BehaviorTreeEditor (222)
[2018.09.15-04.56.46:850][733]LogModuleManager: Shutting down and abandoning module FunctionalTesting (220)
[2018.09.15-04.56.46:850][733]LogModuleManager: Shutting down and abandoning module CollisionAnalyzer (218)
[2018.09.15-04.56.46:850][733]LogModuleManager: Shutting down and abandoning module WorkspaceMenuStructure (217)
[2018.09.15-04.56.46:851][733]LogModuleManager: Shutting down and abandoning module UMG (214)
[2018.09.15-04.56.46:851][733]LogModuleManager: Shutting down and abandoning module UMGEditor (213)
[2018.09.15-04.56.46:851][733]LogModuleManager: Shutting down and abandoning module Sequencer (212)
[2018.09.15-04.56.46:851][733]LogModuleManager: Shutting down and abandoning module MessageLog (209)
[2018.09.15-04.56.46:851][733]LogModuleManager: Shutting down and abandoning module SlateReflector (204)
[2018.09.15-04.56.46:851][733]LogModuleManager: Shutting down and abandoning module Slate (202)
[2018.09.15-04.56.46:851][733]LogModuleManager: Shutting down and abandoning module EditorStyle (200)
[2018.09.15-04.56.46:852][733]LogModuleManager: Shutting down and abandoning module MRMesh (198)
[2018.09.15-04.56.46:852][733]LogModuleManager: Shutting down and abandoning module SourceCodeAccess (196)
[2018.09.15-04.56.46:852][733]LogModuleManager: Shutting down and abandoning module HeadMountedDisplay (194)
[2018.09.15-04.56.46:852][733]LogModuleManager: Shutting down and abandoning module XAudio2 (192)
[2018.09.15-04.56.46:852][733]LogModuleManager: Shutting down and abandoning module Networking (190)
[2018.09.15-04.56.46:852][733]LogModuleManager: Shutting down and abandoning module Core (188)
[2018.09.15-04.56.46:852][733]LogModuleManager: Shutting down and abandoning module LevelSequence (186)
[2018.09.15-04.56.46:852][733]LogModuleManager: Shutting down and abandoning module KismetCompiler (184)
[2018.09.15-04.56.46:853][733]LogModuleManager: Shutting down and abandoning module MeshUtilities (182)
[2018.09.15-04.56.46:853][733]LogModuleManager: Shutting down and abandoning module MeshMergeUtilities (181)
[2018.09.15-04.56.46:853][733]LogModuleManager: Shutting down and abandoning module MeshReductionInterface (180)
[2018.09.15-04.56.46:853][733]LogModuleManager: Shutting down and abandoning module SimplygonSwarm (179)
[2018.09.15-04.56.46:853][733]LogModuleManager: Shutting down and abandoning module ProxyLODMeshReduction (177)
[2018.09.15-04.56.46:853][733]LogModuleManager: Shutting down and abandoning module SimplygonMeshReduction (175)
[2018.09.15-04.56.46:853][733]LogModuleManager: Shutting down and abandoning module QuadricMeshReduction (173)
[2018.09.15-04.56.46:853][733]LogModuleManager: Shutting down and abandoning module MaterialBaking (169)
[2018.09.15-04.56.46:853][733]LogModuleManager: Shutting down and abandoning module DirectoryWatcher (165)
[2018.09.15-04.56.46:853][733]LogModuleManager: Shutting down and abandoning module DerivedDataCache (162)
[2018.09.15-04.56.46:922][733]LogDerivedDataCache: Shutdown
[2018.09.15-04.56.46:922][733]LogModuleManager: Shutting down and abandoning module XGEController (160)
[2018.09.15-04.56.46:922][733]LogModuleManager: Shutting down and abandoning module TargetPlatform (158)
[2018.09.15-04.56.46:922][733]LogModuleManager: Shutting down and abandoning module VulkanShaderFormat (157)
[2018.09.15-04.56.46:922][733]LogModuleManager: Shutting down and abandoning module ShaderFormatVectorVM (155)
[2018.09.15-04.56.46:922][733]LogModuleManager: Shutting down and abandoning module ShaderFormatOpenGL (153)
[2018.09.15-04.56.46:922][733]LogModuleManager: Shutting down and abandoning module ShaderFormatD3D (151)
[2018.09.15-04.56.46:922][733]LogModuleManager: Shutting down and abandoning module MetalShaderFormat (149)
[2018.09.15-04.56.46:923][733]LogModuleManager: Shutting down and abandoning module TextureFormatUncompressed (147)
[2018.09.15-04.56.46:923][733]LogModuleManager: Shutting down and abandoning module TextureFormatPVR (145)
[2018.09.15-04.56.46:923][733]LogModuleManager: Shutting down and abandoning module TextureFormatDXT (143)
[2018.09.15-04.56.46:923][733]LogModuleManager: Shutting down and abandoning module TextureFormatIntelISPCTexComp (141)
[2018.09.15-04.56.46:923][733]LogModuleManager: Shutting down and abandoning module TextureFormatASTC (139)
[2018.09.15-04.56.46:923][733]LogModuleManager: Shutting down and abandoning module ImageWrapper (138)
[2018.09.15-04.56.46:923][733]LogModuleManager: Shutting down and abandoning module TextureFormatAndroid (135)
[2018.09.15-04.56.46:923][733]LogModuleManager: Shutting down and abandoning module AudioFormatOpus (133)
[2018.09.15-04.56.46:923][733]LogModuleManager: Shutting down and abandoning module AudioFormatOgg (131)
[2018.09.15-04.56.46:923][733]LogModuleManager: Shutting down and abandoning module AudioFormatADPCM (129)
[2018.09.15-04.56.46:923][733]LogModuleManager: Shutting down and abandoning module LuminTargetPlatform (127)
[2018.09.15-04.56.46:923][733]LogModuleManager: Shutting down and abandoning module LinuxTargetPlatform (125)
[2018.09.15-04.56.46:923][733]LogModuleManager: Shutting down and abandoning module LinuxServerTargetPlatform (123)
[2018.09.15-04.56.46:923][733]LogModuleManager: Shutting down and abandoning module LinuxNoEditorTargetPlatform (121)
[2018.09.15-04.56.46:923][733]LogModuleManager: Shutting down and abandoning module LinuxClientTargetPlatform (119)
[2018.09.15-04.56.46:923][733]LogModuleManager: Shutting down and abandoning module TVOSTargetPlatform (117)
[2018.09.15-04.56.46:924][733]LogModuleManager: Shutting down and abandoning module Messaging (115)
[2018.09.15-04.56.46:924][733]LogModuleManager: Shutting down and abandoning module IOSTargetPlatform (113)
[2018.09.15-04.56.46:924][733]LogModuleManager: Shutting down and abandoning module HTML5TargetPlatform (111)
[2018.09.15-04.56.46:924][733]LogModuleManager: Shutting down and abandoning module AndroidTargetPlatform (109)
[2018.09.15-04.56.46:932][733]LogModuleManager: Shutting down and abandoning module WindowsTargetPlatform (107)
[2018.09.15-04.56.46:932][733]LogModuleManager: Shutting down and abandoning module WindowsServerTargetPlatform (105)
[2018.09.15-04.56.46:932][733]LogModuleManager: Shutting down and abandoning module WindowsNoEditorTargetPlatform (103)
[2018.09.15-04.56.46:932][733]LogModuleManager: Shutting down and abandoning module WindowsClientTargetPlatform (101)
[2018.09.15-04.56.46:932][733]LogModuleManager: Shutting down and abandoning module MacTargetPlatform (99)
[2018.09.15-04.56.46:932][733]LogModuleManager: Shutting down and abandoning module MacServerTargetPlatform (97)
[2018.09.15-04.56.46:932][733]LogModuleManager: Shutting down and abandoning module MacNoEditorTargetPlatform (95)
[2018.09.15-04.56.46:932][733]LogModuleManager: Shutting down and abandoning module MacClientTargetPlatform (93)
[2018.09.15-04.56.46:932][733]LogModuleManager: Shutting down and abandoning module AllDesktopTargetPlatform (91)
[2018.09.15-04.56.46:932][733]LogModuleManager: Shutting down and abandoning module InputCore (88)
[2018.09.15-04.56.46:932][733]LogModuleManager: Shutting down and abandoning module Settings (86)
[2018.09.15-04.56.46:932][733]LogModuleManager: Shutting down and abandoning module PhysXCooking (84)
[2018.09.15-04.56.46:932][733]LogModuleManager: Shutting down and abandoning module SteamVR (82)
[2018.09.15-04.56.46:932][733]LogModuleManager: Shutting down and abandoning module OculusHMD (80)
[2018.09.15-04.56.46:932][733]LogModuleManager: Shutting down and abandoning module ExampleDeviceProfileSelector (78)
[2018.09.15-04.56.46:932][733]LogModuleManager: Shutting down and abandoning module LauncherChunkInstaller (76)
[2018.09.15-04.56.46:932][733]LogModuleManager: Shutting down and abandoning module OnlineBlueprintSupport (74)
[2018.09.15-04.56.46:932][733]LogModuleManager: Shutting down and abandoning module OnlineSubsystem (70)
[2018.09.15-04.56.46:933][733]LogModuleManager: Shutting down and abandoning module XMPP (65)
[2018.09.15-04.56.46:933][733]LogModuleManager: Shutting down and abandoning module WebSockets (64)
[2018.09.15-04.56.46:966][733]LogModuleManager: Shutting down and abandoning module HTTP (61)
[2018.09.15-04.56.46:966][733]LogHttp: Display: Http module shutting down, but needs to wait on 1 outstanding Http requests:
[2018.09.15-04.56.46:966][733]LogHttp: Display: 	verb=[POST] url=[https://datarouter.ol.epicgames.com/datarouter/api/v1/public/data?SessionID=%7B4836A4AE-49FD-891E-11BE-AD9CC154BA19%7D&AppID=UEEditor.Rocket.Release&AppVersion=4.20.1-4233996%2B%2B%2BUE4%2BRelease-4.20&UserID=ac21bc1e4ac6f1b775d0abb7d40f9a73%7C29c197323e4b46deafc4771672cee7e6%7Cbb5cc3c8-df2d-4418-8ea4-8f265596adf8&AppEnvironment=datacollector-binary&UploadType=eteventstream] status=Processing
[2018.09.15-04.56.46:990][733]LogModuleManager: Shutting down and abandoning module SSL (60)
[2018.09.15-04.56.46:991][733]LogModuleManager: Shutting down and abandoning module MagicLeapEmulator (56)
[2018.09.15-04.56.46:991][733]LogModuleManager: Shutting down and abandoning module MagicLeapPrivileges (54)
[2018.09.15-04.56.46:991][733]LogModuleManager: Shutting down and abandoning module MagicLeapIdentity (52)
[2018.09.15-04.56.46:991][733]LogModuleManager: Shutting down and abandoning module MagicLeapHelperVulkan (50)
[2018.09.15-04.56.46:991][733]LogModuleManager: Shutting down and abandoning module MagicLeapHelperOpenGL (48)
[2018.09.15-04.56.46:991][733]LogModuleManager: Shutting down and abandoning module MagicLeapSecureStorage (46)
[2018.09.15-04.56.46:991][733]LogModuleManager: Shutting down and abandoning module MagicLeapGestures (44)
[2018.09.15-04.56.46:991][733]LogModuleManager: Shutting down and abandoning module MagicLeapEyeTracker (42)
[2018.09.15-04.56.46:991][733]LogModuleManager: Shutting down and abandoning module MagicLeapController (40)
[2018.09.15-04.56.46:991][733]LogSlate: Slate User Destroyed.  User Index 0, Is Virtual User: 0
[2018.09.15-04.56.46:991][733]LogModuleManager: Shutting down and abandoning module MagicLeap (38)
[2018.09.15-04.56.46:991][733]LogModuleManager: Shutting down and abandoning module AnimationModifiers (36)
[2018.09.15-04.56.46:992][733]LogModuleManager: Shutting down and abandoning module PropertyEditor (35)
[2018.09.15-04.56.46:992][733]LogModuleManager: Shutting down and abandoning module AudioEditor (32)
[2018.09.15-04.56.46:992][733]LogModuleManager: Shutting down and abandoning module TextureCompressor (30)
[2018.09.15-04.56.46:992][733]LogModuleManager: Shutting down and abandoning module ShaderCore (28)
[2018.09.15-04.56.46:992][733]LogModuleManager: Shutting down and abandoning module Landscape (26)
[2018.09.15-04.56.46:992][733]LogModuleManager: Shutting down and abandoning module SlateRHIRenderer (24)
[2018.09.15-04.56.46:992][733]LogModuleManager: Shutting down and abandoning module OpenGLDrv (22)
[2018.09.15-04.56.46:992][733]LogModuleManager: Shutting down and abandoning module D3D11RHI (20)
[2018.09.15-04.56.46:992][733]LogModuleManager: Shutting down and abandoning module AnimGraphRuntime (18)
[2018.09.15-04.56.46:992][733]LogModuleManager: Shutting down and abandoning module Renderer (16)
[2018.09.15-04.56.46:992][733]LogModuleManager: Shutting down and abandoning module Engine (14)
[2018.09.15-04.56.46:992][733]LogModuleManager: Shutting down and abandoning module CoreUObject (12)
[2018.09.15-04.56.46:992][733]LogModuleManager: Shutting down and abandoning module NetworkFile (10)
[2018.09.15-04.56.46:992][733]LogModuleManager: Shutting down and abandoning module CookedIterativeFile (8)
[2018.09.15-04.56.46:992][733]LogModuleManager: Shutting down and abandoning module StreamingFile (6)
[2018.09.15-04.56.46:992][733]LogModuleManager: Shutting down and abandoning module SandboxFile (4)
[2018.09.15-04.56.46:992][733]LogModuleManager: Shutting down and abandoning module PakFile (2)
[2018.09.15-04.56.46:995][733]LogExit: Exiting.
[2018.09.15-04.56.46:997][733]Log file closed, 09/15/18 14:56:46
