Log file open, 09/19/18 07:54:44
LogWindows: Failed to load 'aqProf.dll' (GetLastError=126)
LogWindows: File 'aqProf.dll' does not exist
LogWindows: Failed to load 'VtuneApi.dll' (GetLastError=126)
LogWindows: File 'VtuneApi.dll' does not exist
LogWindows: Failed to load 'VtuneApi32e.dll' (GetLastError=126)
LogWindows: File 'VtuneApi32e.dll' does not exist
LogInit: Display: Running engine for game: KNB227Kitchen
LogPlatformFile: Not using cached read wrapper
LogTaskGraph: Started task graph with 5 named threads and 11 total threads with 3 sets of task threads.
LogStats: Stats thread started at 0.222950
LogD3D11RHI: Loaded GFSDK_Aftermath_Lib.x64.dll
LogICUInternationalization: Display: ICU TimeZone Detection - Raw Offset: +10:00, Platform Override: ''
LogPluginManager: Mounting plugin Paper2D
LogPluginManager: Mounting plugin AISupport
LogPluginManager: Mounting plugin LightPropagationVolume
LogPluginManager: Mounting plugin CLionSourceCodeAccess
LogPluginManager: Mounting plugin CodeLiteSourceCodeAccess
LogPluginManager: Mounting plugin GitSourceControl
LogPluginManager: Mounting plugin KDevelopSourceCodeAccess
LogPluginManager: Mounting plugin NullSourceCodeAccess
LogPluginManager: Mounting plugin PerforceSourceControl
LogPluginManager: Mounting plugin SubversionSourceControl
LogPluginManager: Mounting plugin UObjectPlugin
LogPluginManager: Mounting plugin VisualStudioCodeSourceCodeAccess
LogPluginManager: Mounting plugin VisualStudioSourceCodeAccess
LogPluginManager: Mounting plugin XCodeSourceCodeAccess
LogPluginManager: Mounting plugin AssetManagerEditor
LogPluginManager: Mounting plugin CryptoKeys
LogPluginManager: Mounting plugin DataValidation
LogPluginManager: Mounting plugin FacialAnimation
LogPluginManager: Mounting plugin GameplayTagsEditor
LogPluginManager: Mounting plugin MacGraphicsSwitching
LogPluginManager: Mounting plugin MeshEditor
LogPluginManager: Mounting plugin MobileLauncherProfileWizard
LogPluginManager: Mounting plugin PluginBrowser
LogPluginManager: Mounting plugin SpeedTreeImporter
LogPluginManager: Mounting plugin DatasmithContent
LogPluginManager: Mounting plugin AlembicImporter
LogPluginManager: Mounting plugin AppleImageUtils
LogPluginManager: Mounting plugin AppleVision
LogPluginManager: Mounting plugin BackChannel
LogPluginManager: Mounting plugin CharacterAI
LogPluginManager: Mounting plugin GeometryCache
LogPluginManager: Mounting plugin HTML5Networking
LogPluginManager: Mounting plugin ProxyLODPlugin
LogPluginManager: Mounting plugin MagicLeap
LogPluginManager: Mounting plugin MagicLeapEmulator
LogPluginManager: Mounting plugin MagicLeapMedia
LogPluginManager: Mounting plugin AndroidMedia
LogPluginManager: Mounting plugin AvfMedia
LogPluginManager: Mounting plugin ImgMedia
LogPluginManager: Mounting plugin LinearTimecode
LogPluginManager: Mounting plugin MediaCompositing
LogPluginManager: Mounting plugin MediaPlayerEditor
LogPluginManager: Mounting plugin WmfMedia
LogPluginManager: Mounting plugin TcpMessaging
LogPluginManager: Mounting plugin UdpMessaging
LogPluginManager: Mounting plugin ActorSequence
LogPluginManager: Mounting plugin LevelSequenceEditor
LogPluginManager: Mounting plugin MatineeToLevelSequence
LogPluginManager: Mounting plugin NetcodeUnitTest
LogPluginManager: Mounting plugin NUTUnrealEngine4
LogPluginManager: Mounting plugin OnlineSubsystemGooglePlay
LogPluginManager: Mounting plugin OnlineSubsystemIOS
LogPluginManager: Mounting plugin OnlineSubsystem
LogPluginManager: Mounting plugin OnlineSubsystemNull
LogPluginManager: Mounting plugin OnlineSubsystemUtils
LogPluginManager: Mounting plugin LauncherChunkInstaller
LogPluginManager: Mounting plugin AndroidDeviceProfileSelector
LogPluginManager: Mounting plugin AndroidMoviePlayer
LogPluginManager: Mounting plugin AndroidPermission
LogPluginManager: Mounting plugin AppleMoviePlayer
LogPluginManager: Mounting plugin ArchVisCharacter
LogPluginManager: Mounting plugin AudioCapture
LogPluginManager: Mounting plugin CableComponent
LogPluginManager: Mounting plugin CustomMeshComponent
LogPluginManager: Mounting plugin EditableMesh
LogPluginManager: Mounting plugin ExampleDeviceProfileSelector
LogPluginManager: Mounting plugin GoogleCloudMessaging
LogPluginManager: Mounting plugin ImmediatePhysics
LogPluginManager: Mounting plugin IOSDeviceProfileSelector
LogPluginManager: Mounting plugin LinuxDeviceProfileSelector
LogPluginManager: Mounting plugin LocationServicesBPLibrary
LogPluginManager: Mounting plugin MobilePatchingUtils
LogPluginManager: Mounting plugin OculusVR
LogPluginManager: Plugin shader directory ../../../Engine/Plugins/Runtime/Oculus/OculusVR/Shaders found
LogPluginManager: Mapping shader source directory ../../../Engine/Plugins/Runtime/Oculus/OculusVR/Shaders to virtual directory /Plugin/OculusVR
LogPluginManager: Mounting plugin PhysXVehicles
LogPluginManager: Mounting plugin ProceduralMeshComponent
LogPluginManager: Mounting plugin RuntimePhysXCooking
LogPluginManager: Mounting plugin SteamVR
LogPluginManager: Mounting plugin WindowsMoviePlayer
LogStreaming: Display: Took  0.215s to configure plugins.
LogInit: Using libcurl 7.55.1-DEV
LogInit:  - built for x86_64-pc-win32
LogInit:  - supports SSL with OpenSSL/1.0.2h
LogInit:  - supports HTTP deflate (compression) using libz 1.2.8
LogInit:  - other features:
LogInit:      CURL_VERSION_SSL
LogInit:      CURL_VERSION_LIBZ
LogInit:      CURL_VERSION_IPV6
LogInit:      CURL_VERSION_ASYNCHDNS
LogInit:      CURL_VERSION_LARGEFILE
LogInit:      CURL_VERSION_IDN
LogInit:  CurlRequestOptions (configurable via config and command line):
LogInit:  - bVerifyPeer = false  - Libcurl will NOT verify peer certificate
LogInit:  - bUseHttpProxy = false  - Libcurl will NOT use HTTP proxy
LogInit:  - bDontReuseConnections = false  - Libcurl will reuse connections
LogInit:  - CertBundlePath = nullptr  - Libcurl will use whatever was configured at build time.
LogInit:  - MaxHostConnections = 16  - Libcurl will limit the number of connections to a host
LogInit:  - LocalHostAddr = Default
LogInit:  - BufferSize = 65536
LogInit: WinSock: version 1.1 (2.2), MaxSocks=32767, MaxUdp=65467
LogInit: Build: ++UE4+Release-4.20-CL-4233996
LogInit: Engine Version: 4.20.1-4233996+++UE4+Release-4.20
LogInit: Compatible Engine Version: 4.20.0-4212847+++UE4+Release-4.20
LogInit: Net CL: 4212847
LogInit: OS: Windows 10 (), CPU: Intel(R) Core(TM) i7-6500U CPU @ 2.50GHz, GPU: Intel(R) HD Graphics 520
LogInit: Compiled (64-bit): Jul 26 2018 10:07:30
LogInit: Compiled with Visual C++: 19.13.26129.00
LogInit: Build Configuration: Development
LogInit: Branch Name: ++UE4+Release-4.20
LogInit: Command Line: 
LogInit: Base Directory: C:/Program Files/Epic Games/UE_4.20/Engine/Binaries/Win64/
LogInit: Installed Engine Build: 1
LogDevObjectVersion: Number of dev versions registered: 20
LogDevObjectVersion:   Dev-Blueprints (B0D832E4-1F89-4F0D-ACCF-7EB736FD4AA2): 10
LogDevObjectVersion:   Dev-Build (E1C64328-A22C-4D53-A36C-8E866417BD8C): 0
LogDevObjectVersion:   Dev-Core (375EC13C-06E4-48FB-B500-84F0262A717E): 2
LogDevObjectVersion:   Dev-Editor (E4B068ED-F494-42E9-A231-DA0B2E46BB41): 24
LogDevObjectVersion:   Dev-Framework (CFFC743F-43B0-4480-9391-14DF171D2073): 34
LogDevObjectVersion:   Dev-Mobile (B02B49B5-BB20-44E9-A304-32B752E40360): 2
LogDevObjectVersion:   Dev-Networking (A4E4105C-59A1-49B5-A7C5-40C4547EDFEE): 0
LogDevObjectVersion:   Dev-Online (39C831C9-5AE6-47DC-9A44-9C173E1C8E7C): 0
LogDevObjectVersion:   Dev-Physics (78F01B33-EBEA-4F98-B9B4-84EACCB95AA2): 0
LogDevObjectVersion:   Dev-Platform (6631380F-2D4D-43E0-8009-CF276956A95A): 0
LogDevObjectVersion:   Dev-Rendering (12F88B9F-8875-4AFC-A67C-D90C383ABD29): 26
LogDevObjectVersion:   Dev-Sequencer (7B5AE74C-D270-4C10-A958-57980B212A5A): 9
LogDevObjectVersion:   Dev-VR (D7296918-1DD6-4BDD-9DE2-64A83CC13884): 2
LogDevObjectVersion:   Dev-LoadTimes (C2A15278-BFE7-4AFE-6C17-90FF531DF755): 1
LogDevObjectVersion:   Private-Geometry (6EACA3D4-40EC-4CC1-B786-8BED09428FC5): 3
LogDevObjectVersion:   Dev-AnimPhys (29E575DD-E0A3-4627-9D10-D276232CDCEA): 17
LogDevObjectVersion:   Dev-ReflectionCapture (6B266CEC-1EC7-4B8F-A30B-E4D90942FC07): 1
LogDevObjectVersion:   Dev-Automation (0DF73D61-A23F-47EA-B727-89E90C41499A): 1
LogDevObjectVersion:   FortniteMain (601D1886-AC64-4F84-AA16-D3DE0DEAC7D6): 12
LogDevObjectVersion:   Dev-Enterprise (9DFFBCD6-494F-0158-E221-12823C92A888): 1
LogStreaming: Display: Took  0.027s to delete old logs.
LogInit: Presizing for max 8388607 objects, including 0 objects not considered by GC, pre-allocating 0 bytes for permanent pool.
LogInit: Object subsystem initialized
[2018.09.18-21.54.45:384][  0]LogInit: Selected Device Profile: [Windows]
[2018.09.18-21.54.45:384][  0]LogInit: Applying CVar settings loaded from the selected device profile: [Windows]
[2018.09.18-21.54.45:456][  0]LogHAL: Display: Platform has ~ 16 GB [17046876160 / 17179869184 / 16], which maps to Larger [LargestMinGB=32, LargerMinGB=12, DefaultMinGB=8, SmallerMinGB=6, SmallestMinGB=0)
[2018.09.18-21.54.45:456][  0]LogInit: Setting Device Profile CVar: [[r.Vulkan.UseRealUBs:1]]
[2018.09.18-21.54.45:456][  0]LogInit: Going up to parent DeviceProfile []
[2018.09.18-21.54.45:456][  0]LogInit: Computer: DESKTOP-0CCKBAB
[2018.09.18-21.54.45:456][  0]LogInit: User: Me
[2018.09.18-21.54.45:456][  0]LogInit: CPU Page size=4096, Cores=2
[2018.09.18-21.54.45:456][  0]LogInit: High frequency timer resolution =2.531277 MHz
[2018.09.18-21.54.45:456][  0]LogMemory: Memory total: Physical=15.9GB (16GB approx)
[2018.09.18-21.54.45:457][  0]LogMemory: Platform Memory Stats for Windows
[2018.09.18-21.54.45:457][  0]LogMemory: Process Physical Memory: 100.00 MB used, 100.00 MB peak
[2018.09.18-21.54.45:457][  0]LogMemory: Process Virtual Memory: 84.49 MB used, 84.49 MB peak
[2018.09.18-21.54.45:457][  0]LogMemory: Physical Memory: 6266.41 MB used,  9990.76 MB free, 16257.17 MB total
[2018.09.18-21.54.45:457][  0]LogMemory: Virtual Memory: 4621.43 MB used,  9990.76 MB free, 134217728.00 MB total
[2018.09.18-21.54.45:480][  0]LogInit: Using OS detected language (en-US).
[2018.09.18-21.54.45:480][  0]LogInit: Using OS detected locale (en-US).
[2018.09.18-21.54.45:481][  0]LogTextLocalizationManager: No specific localization for 'en-US' exists, so the 'en' localization will be used.
[2018.09.18-21.54.46:000][  0]LogStreaming: Display: Took  0.520s to InitEngineTextLocalization.
[2018.09.18-21.54.46:000][  0]LogInit: Setting process to per monitor DPI aware
[2018.09.18-21.54.46:034][  0]LogSlate: New Slate User Created.  User Index 0, Is Virtual User: 0
[2018.09.18-21.54.46:034][  0]LogSlate: Slate User Registered.  User Index 0, Is Virtual User: 0
[2018.09.18-21.54.46:321][  0]LogHMD: Failed to initialize OpenVR with code 110
[2018.09.18-21.54.46:321][  0]LogD3D11RHI: D3D11 adapters:
[2018.09.18-21.54.46:384][  0]LogD3D11RHI:    0. 'NVIDIA GeForce GTX 960M' (Feature Level 11_0)
[2018.09.18-21.54.46:384][  0]LogD3D11RHI:       4062/0/8128 MB DedicatedVideo/DedicatedSystem/SharedSystem, Outputs:1, VendorId:0x10de
[2018.09.18-21.54.46:397][  0]LogD3D11RHI:    1. 'Intel(R) HD Graphics 520' (Feature Level 11_0)
[2018.09.18-21.54.46:397][  0]LogD3D11RHI:       128/0/8128 MB DedicatedVideo/DedicatedSystem/SharedSystem, Outputs:0, VendorId:0x8086
[2018.09.18-21.54.46:399][  0]LogD3D11RHI:    2. 'Microsoft Basic Render Driver' (Feature Level 11_0)
[2018.09.18-21.54.46:399][  0]LogD3D11RHI:       0/0/8128 MB DedicatedVideo/DedicatedSystem/SharedSystem, Outputs:0, VendorId:0x1414
[2018.09.18-21.54.46:399][  0]LogD3D11RHI: Chosen D3D11 Adapter: 0
[2018.09.18-21.54.46:443][  0]LogD3D11RHI: Creating new Direct3DDevice
[2018.09.18-21.54.46:443][  0]LogD3D11RHI:     GPU DeviceId: 0x139b (for the marketing name, search the web for "GPU Device Id")
[2018.09.18-21.54.46:443][  0]LogWindows: EnumDisplayDevices:
[2018.09.18-21.54.46:443][  0]LogWindows:    0. 'Intel(R) HD Graphics 520' (P:1 D:1)
[2018.09.18-21.54.46:444][  0]LogWindows:    1. 'Intel(R) HD Graphics 520' (P:0 D:0)
[2018.09.18-21.54.46:444][  0]LogWindows:    2. 'Intel(R) HD Graphics 520' (P:0 D:0)
[2018.09.18-21.54.46:445][  0]LogWindows:    3. 'NVIDIA GeForce GTX 960M' (P:0 D:0)
[2018.09.18-21.54.46:445][  0]LogWindows: DebugString: PrimaryIsNotTheChoosenAdapter PrimaryIsNotTheChoosenAdapter PrimaryIsNotTheChoosenAdapter 
[2018.09.18-21.54.46:445][  0]LogD3D11RHI:     Adapter Name: NVIDIA GeForce GTX 960M
[2018.09.18-21.54.46:445][  0]LogD3D11RHI:   Driver Version: 382.05 (internal:22.21.13.8205, unified:382.05)
[2018.09.18-21.54.46:445][  0]LogD3D11RHI:      Driver Date: 5-1-2017
[2018.09.18-21.54.46:445][  0]LogRHI: Texture pool is 2843 MB (70% of 4062 MB)
[2018.09.18-21.54.46:477][  0]LogD3D11RHI: Async texture creation enabled
[2018.09.18-21.54.46:495][  0]LogD3D11RHI: GPU Timing Frequency: 1000.000000 (Debug: 2 2)
[2018.09.18-21.54.46:496][  0]LogShaderCompilers: Guid format shader working directory is -29 characters bigger than the processId version (../../../../../../Users/Me/Documents/GitHub/KNB227Kitchen/KNB227Kitchen/Intermediate/Shaders/WorkingDirectory/12720/).
[2018.09.18-21.54.46:496][  0]LogShaderCompilers: Cleaned the shader compiler working directory 'C:/Users/Me/AppData/Local/Temp/UnrealShaderWorkingDir/B5B50D064609A82EF9F7BA852A8F844F/'.
[2018.09.18-21.54.47:140][  0]LogTemp: Display: Loaded TP AllDesktopTargetPlatform
[2018.09.18-21.54.47:161][  0]LogTemp: Display: Loaded TP MacClientTargetPlatform
[2018.09.18-21.54.47:177][  0]LogTemp: Display: Loaded TP MacNoEditorTargetPlatform
[2018.09.18-21.54.47:198][  0]LogTemp: Display: Loaded TP MacServerTargetPlatform
[2018.09.18-21.54.47:220][  0]LogTemp: Display: Loaded TP MacTargetPlatform
[2018.09.18-21.54.47:241][  0]LogTemp: Display: Loaded TP WindowsClientTargetPlatform
[2018.09.18-21.54.47:264][  0]LogTemp: Display: Loaded TP WindowsNoEditorTargetPlatform
[2018.09.18-21.54.47:280][  0]LogTemp: Display: Loaded TP WindowsServerTargetPlatform
[2018.09.18-21.54.47:287][  0]LogTemp: Display: Loaded TP WindowsTargetPlatform
[2018.09.18-21.54.47:391][  0]LogTemp: Display: Loaded TP AndroidTargetPlatform
[2018.09.18-21.54.47:391][  0]LogTemp: Display: Loaded TP AndroidTargetPlatform
[2018.09.18-21.54.47:391][  0]LogTemp: Display: Loaded TP AndroidTargetPlatform
[2018.09.18-21.54.47:391][  0]LogTemp: Display: Loaded TP AndroidTargetPlatform
[2018.09.18-21.54.47:391][  0]LogTemp: Display: Loaded TP AndroidTargetPlatform
[2018.09.18-21.54.47:391][  0]LogTemp: Display: Loaded TP AndroidTargetPlatform
[2018.09.18-21.54.47:391][  0]LogTemp: Display: Loaded TP AndroidTargetPlatform
[2018.09.18-21.54.47:391][  0]LogTemp: Display: Loaded TP AndroidTargetPlatform
[2018.09.18-21.54.47:391][  0]LogTemp: Display: Loaded TP AndroidTargetPlatform
[2018.09.18-21.54.47:391][  0]LogTemp: Display: Loaded TP AndroidTargetPlatform
[2018.09.18-21.54.47:391][  0]LogTemp: Display: Loaded TP AndroidTargetPlatform
[2018.09.18-21.54.47:391][  0]LogTemp: Display: Loaded TP AndroidTargetPlatform
[2018.09.18-21.54.47:391][  0]LogTemp: Display: Loaded TP AndroidTargetPlatform
[2018.09.18-21.54.47:391][  0]LogTemp: Display: Loaded TP AndroidTargetPlatform
[2018.09.18-21.54.47:391][  0]LogTemp: Display: Loaded TP AndroidTargetPlatform
[2018.09.18-21.54.47:391][  0]LogTemp: Display: Loaded TP AndroidTargetPlatform
[2018.09.18-21.54.47:391][  0]LogTemp: Display: Loaded TP AndroidTargetPlatform
[2018.09.18-21.54.47:391][  0]LogTemp: Display: Loaded TP AndroidTargetPlatform
[2018.09.18-21.54.47:394][  0]LogTemp: Display: Loaded TP HTML5TargetPlatform
[2018.09.18-21.54.47:463][  0]LogTemp: Display: Loaded TP IOSTargetPlatform
[2018.09.18-21.54.47:463][  0]LogTemp: Display: Loaded TP IOSTargetPlatform
[2018.09.18-21.54.47:506][  0]LogTemp: Display: Loaded TP TVOSTargetPlatform
[2018.09.18-21.54.47:506][  0]LogTemp: Display: Loaded TP TVOSTargetPlatform
[2018.09.18-21.54.47:535][  0]LogTemp: Display: Loaded TP LinuxClientTargetPlatform
[2018.09.18-21.54.47:565][  0]LogTemp: Display: Loaded TP LinuxNoEditorTargetPlatform
[2018.09.18-21.54.47:590][  0]LogTemp: Display: Loaded TP LinuxServerTargetPlatform
[2018.09.18-21.54.47:614][  0]LogTemp: Display: Loaded TP LinuxTargetPlatform
[2018.09.18-21.54.47:629][  0]LogTemp: Display: Loaded TP LuminTargetPlatform
[2018.09.18-21.54.47:629][  0]LogTargetPlatformManager: Display: Building Assets For Windows
[2018.09.18-21.54.47:710][  0]LogXGEController: Cannot use XGE Controller as Incredibuild is not installed on this machine.
[2018.09.18-21.54.47:710][  0]LogShaderCompilers: Cannot use XGE Shader Compiler as Incredibuild is not installed on this machine.
[2018.09.18-21.54.47:710][  0]LogShaderCompilers: Display: Using Local Shader Compiler.
[2018.09.18-21.54.48:700][  0]LogDerivedDataCache: Display: Max Cache Size: 512 MB
[2018.09.18-21.54.48:773][  0]LogDerivedDataCache: Loaded boot cache 0.07s 71MB C:/Users/Me/AppData/Local/UnrealEngine/4.20/DerivedDataCache/Boot.ddc.
[2018.09.18-21.54.48:773][  0]LogDerivedDataCache: Display: Loaded Boot cache: C:/Users/Me/AppData/Local/UnrealEngine/4.20/DerivedDataCache/Boot.ddc
[2018.09.18-21.54.48:774][  0]LogDerivedDataCache: FDerivedDataBackendGraph:  Pak pak cache file ../../../../../../Users/Me/Documents/GitHub/KNB227Kitchen/KNB227Kitchen/DerivedDataCache/DDC.ddp not found, will not use a pak cache.
[2018.09.18-21.54.48:774][  0]LogDerivedDataCache: Unable to find inner node Pak for hierarchical cache Hierarchy.
[2018.09.18-21.54.48:774][  0]LogDerivedDataCache: FDerivedDataBackendGraph:  CompressedPak pak cache file ../../../../../../Users/Me/Documents/GitHub/KNB227Kitchen/KNB227Kitchen/DerivedDataCache/Compressed.ddp not found, will not use a pak cache.
[2018.09.18-21.54.48:774][  0]LogDerivedDataCache: Unable to find inner node CompressedPak for hierarchical cache Hierarchy.
[2018.09.18-21.54.48:788][  0]LogDerivedDataCache: Display: Pak cache opened for reading ../../../Engine/DerivedDataCache/Compressed.ddp.
[2018.09.18-21.54.48:801][  0]LogDerivedDataCache: Using Local data cache path C:/Users/Me/AppData/Local/UnrealEngine/Common/DerivedDataCache: Writable
[2018.09.18-21.54.48:801][  0]LogDerivedDataCache: Shared data cache path not found in *engine.ini, will not use an Shared cache.
[2018.09.18-21.54.48:801][  0]LogDerivedDataCache: Unable to find inner node Shared for hierarchical cache Hierarchy.
[2018.09.18-21.54.48:822][  0]LogMaterial: Verifying Global Shaders for PCD3D_SM5
[2018.09.18-21.54.48:823][  0]LogSlate: Using FreeType 2.6.0
[2018.09.18-21.54.48:824][  0]LogSlate: SlateFontServices - WITH_FREETYPE: 1, WITH_HARFBUZZ: 1
[2018.09.18-21.54.48:907][  0]LogAssetRegistry: FAssetRegistry took 0.0281 seconds to start up
[2018.09.18-21.54.49:307][  0]LogInit: Selected Device Profile: [Windows]
[2018.09.18-21.54.49:452][  0]LogSimplygon: Simplygon DLL not present - disabling.
[2018.09.18-21.54.49:455][  0]LogMeshReduction: Using SimplygonSwarm for distributed automatic mesh merging
[2018.09.18-21.54.49:455][  0]LogMeshReduction: Using ProxyLODMeshReduction for automatic mesh merging
[2018.09.18-21.54.49:455][  0]LogMeshReduction: Using QuadricMeshReduction for automatic static mesh reduction
[2018.09.18-21.54.49:455][  0]LogMeshReduction: No automatic skeletal mesh reduction module available
[2018.09.18-21.54.49:476][  0]LogNetVersion: KNB227Kitchen 1.0.0, NetCL: 4212847, EngineNetVer: 5, GameNetVer: 0 (Checksum: 9278158)
[2018.09.18-21.54.50:122][  0]LogPackageLocalizationCache: Processed 11 localized package path(s) for 2 prioritized culture(s) in 0.153049 seconds
[2018.09.18-21.54.50:130][  0]LogUObjectArray: 38425 objects as part of root set at end of initial load.
[2018.09.18-21.54.50:130][  0]LogUObjectAllocator: 6690872 out of 0 bytes used by permanent object pool.
[2018.09.18-21.54.50:130][  0]LogUObjectArray: CloseDisregardForGC: 0/0 objects in disregard for GC pool
[2018.09.18-21.54.51:100][  0]LogTcpMessaging: Initializing TcpMessaging bridge
[2018.09.18-21.54.51:115][  0]LogUdpMessaging: Initializing bridge on interface 0.0.0.0:0 to multicast group 230.0.0.1:6666.
[2018.09.18-21.54.51:282][  0]SourceControl: Source control is disabled
[2018.09.18-21.54.51:282][  0]SourceControl: Source control is disabled
[2018.09.18-21.54.51:283][  0]SourceControl: Source control is disabled
[2018.09.18-21.54.51:284][  0]SourceControl: Source control is disabled
[2018.09.18-21.54.51:467][  0]LogAndroidPermission: UAndroidPermissionCallbackProxy::GetInstance
[2018.09.18-21.54.51:540][  0]LogOcInput: OculusInput pre-init called
[2018.09.18-21.54.51:608][  0]LogEngine: Initializing Engine...
[2018.09.18-21.54.51:609][  0]LogHMD: Failed to initialize OpenVR with code 110
[2018.09.18-21.54.51:611][  0]LogStats: UGameplayTagsManager::ConstructGameplayTagTree: ImportINI prefixes -  0.000 s
[2018.09.18-21.54.51:611][  0]LogStats: UGameplayTagsManager::ConstructGameplayTagTree: Construct from data asset -  0.000 s
[2018.09.18-21.54.51:611][  0]LogStats: UGameplayTagsManager::ConstructGameplayTagTree: ImportINI -  0.000 s
[2018.09.18-21.54.51:611][  0]LogStats: UGameplayTagsManager::ConstructGameplayTagTree: GameplayTagTreeChangedEvent.Broadcast -  0.000 s
[2018.09.18-21.54.51:880][  0]LogInit: Initializing FReadOnlyCVARCache
[2018.09.18-21.54.51:895][  0]LogAIModule: Creating AISystem for world Untitled
[2018.09.18-21.54.51:917][  0]LogInit: XAudio2 using 'Speakers / Headphones (Realtek High Definition Audio)' : 2 channels at 48 kHz using 32 bits per sample (channel mask 0x3)
[2018.09.18-21.54.51:957][  0]LogInit: FAudioDevice initialized.
[2018.09.18-21.54.51:957][  0]LogNetVersion: Set ProjectVersion to 1.0.0.0. Version Checksum will be recalculated on next use.
[2018.09.18-21.54.54:067][  0]LogDerivedDataCache: Saved boot cache 2.11s 71MB C:/Users/Me/AppData/Local/UnrealEngine/4.20/DerivedDataCache/Boot.ddc.
[2018.09.18-21.54.54:101][  0]LogInit: Texture streaming: Enabled
[2018.09.18-21.54.54:117][  0]LogEngineSessionManager: EngineSessionManager initialized
[2018.09.18-21.54.54:454][  0]LogInit: Transaction tracking system initialized
[2018.09.18-21.54.54:477][  0]BlueprintLog: New page: Editor Load
[2018.09.18-21.54.54:559][  0]LocalizationService: Localization service is disabled
[2018.09.18-21.54.54:909][  0]LogCook: Display: Max memory allowance for cook 16384mb min free memory 0mb
[2018.09.18-21.54.54:909][  0]LogCook: Display: Mobile HDR setting 1
[2018.09.18-21.54.54:909][  0]LogGameplayTags: Display: UGameplayTagsManager::DoneAddingNativeTags. DelegateIsBound: 0
[2018.09.18-21.54.54:909][  0]LogStats: UGameplayTagsManager::ConstructGameplayTagTree: ImportINI prefixes -  0.000 s
[2018.09.18-21.54.54:909][  0]LogStats: UGameplayTagsManager::ConstructGameplayTagTree: Construct from data asset -  0.000 s
[2018.09.18-21.54.54:910][  0]LogFileCache: Scanning file cache for directory 'C:/Users/Me/Documents/GitHub/KNB227Kitchen/KNB227Kitchen/Content/' took 0.01s
[2018.09.18-21.54.54:910][  0]LogStats: UGameplayTagsManager::ConstructGameplayTagTree: ImportINI -  0.000 s
[2018.09.18-21.54.54:910][  0]LogStats: UGameplayTagsManager::ConstructGameplayTagTree: GameplayTagTreeChangedEvent.Broadcast -  0.000 s
[2018.09.18-21.54.55:058][  0]SourceControl: Source control is disabled
[2018.09.18-21.54.55:059][  0]Cmd: MAP LOAD FILE="../../../Engine/Content/Maps/Templates/Template_Default.umap" TEMPLATE=1 SHOWPROGRESS=1 FEATURELEVEL=3
[2018.09.18-21.54.55:059][  0]LightingResults: New page: Lighting Build
[2018.09.18-21.54.55:062][  0]MapCheck: New page: Map Check
[2018.09.18-21.54.55:062][  0]LightingResults: New page: Lighting Build
[2018.09.18-21.54.55:331][  0]LogAIModule: Creating AISystem for world Untitled_1
[2018.09.18-21.54.55:342][  0]LogEditorServer: Finished looking for orphan Actors (0.000 secs)
[2018.09.18-21.54.55:368][  0]Cmd: MAP CHECKDEP NOCLEARLOG
[2018.09.18-21.54.55:446][  0]MapCheck: Map check complete: 0 Error(s), 0 Warning(s), took 76.787ms to complete.
[2018.09.18-21.54.55:446][  0]LogFileHelpers: Loading map 'Template_Default' took 0.387
[2018.09.18-21.54.55:542][  0]LogSlate: Updating window title bar state: overlay mode, drag disabled, window buttons hidden, title bar hidden
[2018.09.18-21.54.55:550][  0]LogSlate: Updating window title bar state: overlay mode, drag disabled, window buttons hidden, title bar hidden
[2018.09.18-21.54.55:558][  0]LogSlate: Updating window title bar state: overlay mode, drag disabled, window buttons hidden, title bar hidden
[2018.09.18-21.54.55:567][  0]LogSlate: Updating window title bar state: overlay mode, drag disabled, window buttons hidden, title bar hidden
[2018.09.18-21.54.55:573][  0]LogCollectionManager: Loaded 0 collections in 0.001568 seconds
[2018.09.18-21.54.55:614][  0]LogFileCache: Scanning file cache for directory 'C:/Users/Me/Documents/GitHub/KNB227Kitchen/KNB227Kitchen/Saved/Collections/' took 0.01s
[2018.09.18-21.54.55:614][  0]LogFileCache: Scanning file cache for directory 'C:/Users/Me/Documents/GitHub/KNB227Kitchen/KNB227Kitchen/Content/Developers/Me/Collections/' took 0.01s
[2018.09.18-21.54.55:614][  0]LogFileCache: Scanning file cache for directory 'C:/Users/Me/Documents/GitHub/KNB227Kitchen/KNB227Kitchen/Content/Collections/' took 0.01s
[2018.09.18-21.54.55:614][  0]LogCollectionManager: Rebuilt the GUID cache for 0 collections in 0.000000 seconds
[2018.09.18-21.54.55:624][  0]LogContentBrowser: Native class hierarchy populated in 0.0102 seconds. Added 2572 classes and 603 folders.
[2018.09.18-21.54.55:631][  0]LogContentBrowser: Native class hierarchy updated for 'WidgetCarousel' in 0.0003 seconds. Added 0 classes and 0 folders.
[2018.09.18-21.54.55:690][  0]LogContentBrowser: Native class hierarchy updated for 'AddContentDialog' in 0.0002 seconds. Added 0 classes and 0 folders.
[2018.09.18-21.54.55:694][  0]LogContentBrowser: Native class hierarchy updated for 'SceneOutliner' in 0.0003 seconds. Added 1 classes and 2 folders.
[2018.09.18-21.54.55:794][  0]LogContentBrowser: Native class hierarchy updated for 'HierarchicalLODOutliner' in 0.0004 seconds. Added 0 classes and 0 folders.
[2018.09.18-21.54.55:794][  0]LogLoad: (Engine Initialization) Total time: 13.18 seconds
[2018.09.18-21.54.55:794][  0]LogLoad: (Engine Initialization) Total Blueprint compile time: 0.00 seconds
[2018.09.18-21.54.55:830][  0]LogContentStreaming: Texture pool size now 3000 MB
[2018.09.18-21.54.55:832][  0]LogSlate: Took 0.000230 seconds to synchronously load lazily loaded font '../../../Engine/Content/Slate/Fonts/Roboto-Regular.ttf' (155K)
[2018.09.18-21.54.55:833][  0]LogSlate: Took 0.000152 seconds to synchronously load lazily loaded font '../../../Engine/Content/Slate/Fonts/Roboto-Bold.ttf' (160K)
[2018.09.18-21.54.55:840][  0]LogSlate: Took 0.000614 seconds to synchronously load lazily loaded font '../../../Engine/Content/Editor/Slate/Fonts/FontAwesome.ttf' (139K)
[2018.09.18-21.54.56:753][  0]LogRenderer: Reallocating scene render targets to support 672x336 Format 9 NumSamples 1 (Frame:1).
[2018.09.18-21.54.56:753][  0]LogSlate: Took 0.000206 seconds to synchronously load lazily loaded font '../../../Engine/Content/Slate/Fonts/Roboto-Light.ttf' (167K)
[2018.09.18-21.54.57:551][  1]LogAssetRegistry: Asset discovery search completed in 8.6666 seconds
[2018.09.18-21.54.57:557][  1]LogCollectionManager: Rebuilt the object cache for 0 collections in 0.000000 seconds (found 0 objects)
[2018.09.18-21.54.57:557][  1]LogCollectionManager: Fixed up redirectors for 0 collections in 0.000267 seconds (updated 0 objects)
[2018.09.18-21.55.10:530][346]LogSlate: FSceneViewport::OnFocusLost() reason 0
[2018.09.18-21.55.10:691][364]LogSlate: Took 0.000259 seconds to synchronously load lazily loaded font '../../../Engine/Content/Slate/Fonts/Roboto-Light.ttf' (167K)
[2018.09.18-21.55.11:217][364]LogTexture: Display: Building textures: HQ_Lightmap0_1 (AutoDXT, 256X256)
[2018.09.18-21.55.11:217][364]LogTexture: Display: Building textures: HQ_Lightmap0_2 (AutoDXT, 256X256)
[2018.09.18-21.55.11:217][364]LogTexture: Display: Building textures: HQ_Lightmap0_3 (AutoDXT, 64X64)
[2018.09.18-21.55.11:217][364]LogTexture: Display: Building textures: LQ_Lightmap_0_1 (DXT1, 256X256)
[2018.09.18-21.55.11:217][364]LogTexture: Display: Building textures: LQ_Lightmap_0_3 (DXT1, 64X64)
[2018.09.18-21.55.11:217][364]LogTexture: Display: Building textures: LQ_Lightmap_0_2 (DXT1, 256X256)
[2018.09.18-21.55.11:844][364]LogAIModule: Creating AISystem for world NewMap
[2018.09.18-21.55.11:858][364]LogAssetEditorManager: Opening Asset editor for World /Game/NewMap.NewMap
[2018.09.18-21.55.11:880][364]Cmd: MAP LOAD FILE="../../../../../../Users/Me/Documents/GitHub/KNB227Kitchen/KNB227Kitchen/Content/NewMap.umap" TEMPLATE=0 SHOWPROGRESS=1 FEATURELEVEL=3
[2018.09.18-21.55.11:880][364]LightingResults: New page: Lighting Build
[2018.09.18-21.55.11:881][364]LoadErrors: New page: Loading map: NewMap.umap
[2018.09.18-21.55.11:882][364]MapCheck: New page: Map Check
[2018.09.18-21.55.11:882][364]LightingResults: New page: Lighting Build
[2018.09.18-21.55.12:024][364]LogEditorServer: Finished looking for orphan Actors (0.000 secs)
[2018.09.18-21.55.12:078][364]Cmd: MAP CHECKDEP NOCLEARLOG
[2018.09.18-21.55.12:157][364]MapCheck: Map check complete: 0 Error(s), 0 Warning(s), took 78.723ms to complete.
[2018.09.18-21.55.12:157][364]LogFileHelpers: Loading map 'NewMap' took 0.278
[2018.09.18-21.59.38:102][ 81]LogEditorViewport: Clicking on Actor (LMB): PlayerStart (Player Start)
[2018.09.18-22.01.03:549][888]LogSlate: FSceneViewport::OnFocusLost() reason 0
[2018.09.18-22.01.45:660][410]LogSlate: FSceneViewport::OnFocusLost() reason 0
[2018.09.18-22.01.51:550][ 37]LogTemp: Repeating last play command: Selected Viewport
[2018.09.18-22.01.51:578][ 37]LogPlayLevel: PlayLevel: No blueprints needed recompiling
[2018.09.18-22.01.51:592][ 37]PIE: New page: PIE session: NewMap (Sep 19, 2018, 6:01:51 PM)
[2018.09.18-22.01.51:592][ 37]LogPlayLevel: Creating play world package: /Game/UEDPIE_0_NewMap
[2018.09.18-22.01.51:616][ 37]LogPlayLevel: PIE: StaticDuplicateObject took: (0.023921s)
[2018.09.18-22.01.51:617][ 37]LogAIModule: Creating AISystem for world NewMap
[2018.09.18-22.01.51:618][ 37]LogPlayLevel: PIE: World Init took: (0.001229s)
[2018.09.18-22.01.51:618][ 37]LogPlayLevel: PIE: Created PIE world by copying editor world from /Game/NewMap.NewMap to /Game/UEDPIE_0_NewMap.NewMap (0.025400s)
[2018.09.18-22.01.51:650][ 37]LogInit: XAudio2 using 'Speakers / Headphones (Realtek High Definition Audio)' : 2 channels at 48 kHz using 32 bits per sample (channel mask 0x3)
[2018.09.18-22.01.51:686][ 37]LogInit: FAudioDevice initialized.
[2018.09.18-22.01.51:728][ 37]LogLoad: Game class is 'GameModeBase'
[2018.09.18-22.01.51:731][ 37]LogWorld: Bringing World /Game/UEDPIE_0_NewMap.NewMap up for play (max tick rate 0) at 2018.09.19-08.01.51
[2018.09.18-22.01.51:732][ 37]LogWorld: Bringing up level for play took: 0.002331
[2018.09.18-22.01.51:751][ 37]LogContentBrowser: Native class hierarchy updated for 'MovieSceneCapture' in 0.0005 seconds. Added 10 classes and 0 folders.
[2018.09.18-22.01.51:752][ 37]PIE: Play in editor start time for /Game/UEDPIE_0_NewMap 1.12
[2018.09.18-22.02.27:470][279]LogSlate: Updating window title bar state: overlay mode, drag disabled, window buttons hidden, title bar hidden
[2018.09.18-22.02.27:511][279]LogPlayLevel: Display: Shutting down PIE online subsystems
[2018.09.18-22.02.27:537][279]LogSlate: Updating window title bar state: overlay mode, drag disabled, window buttons hidden, title bar hidden
[2018.09.18-22.02.27:573][282]LogPlayLevel: Display: Destroying online subsystem :Context_2
[2018.09.18-22.03.02:723][494]LogSlate: FSceneViewport::OnFocusLost() reason 2
[2018.09.18-22.03.03:638][580]LogTemp: Repeating last play command: Selected Viewport
[2018.09.18-22.03.03:661][580]LogPlayLevel: PlayLevel: No blueprints needed recompiling
[2018.09.18-22.03.03:661][580]PIE: New page: PIE session: NewMap (Sep 19, 2018, 6:03:03 PM)
[2018.09.18-22.03.03:661][580]LogPlayLevel: Creating play world package: /Game/UEDPIE_0_NewMap
[2018.09.18-22.03.03:677][580]LogPlayLevel: PIE: StaticDuplicateObject took: (0.015136s)
[2018.09.18-22.03.03:677][580]LogAIModule: Creating AISystem for world NewMap
[2018.09.18-22.03.03:678][580]LogPlayLevel: PIE: World Init took: (0.000833s)
[2018.09.18-22.03.03:678][580]LogPlayLevel: PIE: Created PIE world by copying editor world from /Game/NewMap.NewMap to /Game/UEDPIE_0_NewMap.NewMap (0.016176s)
[2018.09.18-22.03.03:702][580]LogInit: XAudio2 using 'Speakers / Headphones (Realtek High Definition Audio)' : 2 channels at 48 kHz using 32 bits per sample (channel mask 0x3)
[2018.09.18-22.03.03:728][580]LogInit: FAudioDevice initialized.
[2018.09.18-22.03.03:728][580]LogSlate: FSceneViewport::OnFocusLost() reason 2
[2018.09.18-22.03.03:756][580]LogLoad: Game class is 'GameModeBase'
[2018.09.18-22.03.03:757][580]LogWorld: Bringing World /Game/UEDPIE_0_NewMap.NewMap up for play (max tick rate 0) at 2018.09.19-08.03.03
[2018.09.18-22.03.03:758][580]LogWorld: Bringing up level for play took: 0.001681
[2018.09.18-22.03.03:772][580]PIE: Play in editor start time for /Game/UEDPIE_0_NewMap -0.86
[2018.09.18-22.03.15:233][940]LogSlate: Updating window title bar state: overlay mode, drag disabled, window buttons hidden, title bar hidden
[2018.09.18-22.03.15:271][940]LogPlayLevel: Display: Shutting down PIE online subsystems
[2018.09.18-22.03.15:294][940]LogSlate: Updating window title bar state: overlay mode, drag disabled, window buttons hidden, title bar hidden
[2018.09.18-22.03.15:335][944]LogPlayLevel: Display: Destroying online subsystem :Context_3
[2018.09.18-22.05.18:286][945]LogSlate: FSceneViewport::OnFocusLost() reason 2
[2018.09.18-22.05.18:317][945]Cmd: OBJ SAVEPACKAGE PACKAGE="/Game/NewMap" FILE="../../../../../../Users/Me/Documents/GitHub/KNB227Kitchen/KNB227Kitchen/Content/NewMap.umap" SILENT=true AUTOSAVING=false KEEPDIRTY=false
[2018.09.18-22.05.18:495][945]LogSavePackage: Moving '../../../../../../Users/Me/Documents/GitHub/KNB227Kitchen/KNB227Kitchen/Saved/NewMapFC1B3EFA411917B7AED4F0BB7AA18C19.tmp' to '../../../../../../Users/Me/Documents/GitHub/KNB227Kitchen/KNB227Kitchen/Content/NewMap.umap'
[2018.09.18-22.05.18:625][945]Cmd: OBJ SAVEPACKAGE PACKAGE="/Game/NewMap_BuiltData" FILE="../../../../../../Users/Me/Documents/GitHub/KNB227Kitchen/KNB227Kitchen/Content/NewMap_BuiltData.uasset" SILENT=true
[2018.09.18-22.05.18:682][945]LogSavePackage: Moving '../../../../../../Users/Me/Documents/GitHub/KNB227Kitchen/KNB227Kitchen/Saved/NewMap_BuiltData84C4F60840FE64BF2AAF78A572F92D68.tmp' to '../../../../../../Users/Me/Documents/GitHub/KNB227Kitchen/KNB227Kitchen/Content/NewMap_BuiltData.uasset'
[2018.09.18-22.08.42:587][187]LogSlate: FSceneViewport::OnFocusLost() reason 0
[2018.09.18-22.48.59:439][648]LogSlate: FSceneViewport::OnFocusLost() reason 2
[2018.09.18-22.48.59:454][648]Cmd: OBJ SAVEPACKAGE PACKAGE="/Game/NewMap" FILE="../../../../../../Users/Me/Documents/GitHub/KNB227Kitchen/KNB227Kitchen/Content/NewMap.umap" SILENT=true AUTOSAVING=false KEEPDIRTY=false
[2018.09.18-22.48.59:633][648]LogSavePackage: Moving '../../../../../../Users/Me/Documents/GitHub/KNB227Kitchen/KNB227Kitchen/Saved/NewMap5074D9CB42EDDCEBB878C0AC315E5D9D.tmp' to '../../../../../../Users/Me/Documents/GitHub/KNB227Kitchen/KNB227Kitchen/Content/NewMap.umap'
[2018.09.18-22.48.59:671][648]Cmd: OBJ SAVEPACKAGE PACKAGE="/Game/NewMap_BuiltData" FILE="../../../../../../Users/Me/Documents/GitHub/KNB227Kitchen/KNB227Kitchen/Content/NewMap_BuiltData.uasset" SILENT=true
[2018.09.18-22.48.59:714][648]LogSavePackage: Moving '../../../../../../Users/Me/Documents/GitHub/KNB227Kitchen/KNB227Kitchen/Saved/NewMap_BuiltData8565DEEA4420ECC9BA896A9CC65EA6A6.tmp' to '../../../../../../Users/Me/Documents/GitHub/KNB227Kitchen/KNB227Kitchen/Content/NewMap_BuiltData.uasset'
[2018.09.18-22.49.01:235][739]LogSlate: FSceneViewport::OnFocusLost() reason 0
[2018.09.18-23.23.24:663][100]LogSlate: FSceneViewport::OnFocusLost() reason 0
[2018.09.18-23.43.23:787][815]LogSlate: FSceneViewport::OnFocusLost() reason 0
